INFO - 2025-09-14 07:28:04 --> Session: Class initialized using 'CodeIgniter\Session\Handlers\FileHandler' driver.
INFO - 2025-09-14 07:29:00 --> Session: Class initialized using 'CodeIgniter\Session\Handlers\FileHandler' driver.
INFO - 2025-09-14 07:29:04 --> Session: Class initialized using 'CodeIgniter\Session\Handlers\FileHandler' driver.
INFO - 2025-09-14 07:35:22 --> Session: Class initialized using 'CodeIgniter\Session\Handlers\FileHandler' driver.
INFO - 2025-09-14 07:35:23 --> Session: Class initialized using 'CodeIgniter\Session\Handlers\FileHandler' driver.
INFO - 2025-09-14 08:00:47 --> Session: Class initialized using 'CodeIgniter\Session\Handlers\FileHandler' driver.
ERROR - 2025-09-14 08:01:20 --> mysqli_sql_exception: Unknown column 'userfile' in 'field list' in D:\xampp\htdocs\bimbingan-belajar\system\Database\MySQLi\Connection.php:312
Stack trace:
#0 D:\xampp\htdocs\bimbingan-belajar\system\Database\MySQLi\Connection.php(312): mysqli->query('INSERT INTO `tb...', 0)
#1 D:\xampp\htdocs\bimbingan-belajar\system\Database\BaseConnection.php(734): CodeIgniter\Database\MySQLi\Connection->execute('INSERT INTO `tb...')
#2 D:\xampp\htdocs\bimbingan-belajar\system\Database\BaseConnection.php(648): CodeIgniter\Database\BaseConnection->simpleQuery('INSERT INTO `tb...')
#3 D:\xampp\htdocs\bimbingan-belajar\system\Database\BaseBuilder.php(2340): CodeIgniter\Database\BaseConnection->query('INSERT INTO `tb...', Array, false)
#4 D:\xampp\htdocs\bimbingan-belajar\system\Model.php(394): CodeIgniter\Database\BaseBuilder->insert()
#5 D:\xampp\htdocs\bimbingan-belajar\system\BaseModel.php(840): CodeIgniter\Model->doInsert(Array)
#6 D:\xampp\htdocs\bimbingan-belajar\system\Model.php(802): CodeIgniter\BaseModel->insert(Array, true)
#7 D:\xampp\htdocs\bimbingan-belajar\app\Models\M_login.php(48): CodeIgniter\Model->insert(Array)
#8 D:\xampp\htdocs\bimbingan-belajar\app\Controllers\Login.php(131): App\Models\M_login->saveUser(Array)
#9 D:\xampp\htdocs\bimbingan-belajar\system\CodeIgniter.php(933): App\Controllers\Login->saveRegister()
#10 D:\xampp\htdocs\bimbingan-belajar\system\CodeIgniter.php(509): CodeIgniter\CodeIgniter->runController(Object(App\Controllers\Login))
#11 D:\xampp\htdocs\bimbingan-belajar\system\CodeIgniter.php(355): CodeIgniter\CodeIgniter->handleRequest(NULL, Object(Config\Cache), false)
#12 D:\xampp\htdocs\bimbingan-belajar\system\Boot.php(325): CodeIgniter\CodeIgniter->run()
#13 D:\xampp\htdocs\bimbingan-belajar\system\Boot.php(67): CodeIgniter\Boot::runCodeIgniter(Object(CodeIgniter\CodeIgniter))
#14 D:\xampp\htdocs\bimbingan-belajar\public\index.php(56): CodeIgniter\Boot::bootWeb(Object(Config\Paths))
#15 {main}
CRITICAL - 2025-09-14 08:01:20 --> CodeIgniter\Database\Exceptions\DatabaseException: Unknown column 'userfile' in 'field list'
[Method: POST, Route: login/saveRegister]
in SYSTEMPATH\Database\BaseConnection.php on line 688.
 1 SYSTEMPATH\Database\BaseBuilder.php(2340): CodeIgniter\Database\BaseConnection->query('INSERT INTO `tbl_user` (`nama`, `username`, `umur`, `no_hp`, `tingkatan`, `alamat`, `jenis_kelamin`, `password`, `role`, `userfile`, `is_active`) VALUES (:nama:, :username:, :umur:, :no_hp:, :tingkatan:, :alamat:, :jenis_kelamin:, :password:, :role:, :userfile:, :is_active:)', [...], false)
 2 SYSTEMPATH\Model.php(394): CodeIgniter\Database\BaseBuilder->insert()
 3 SYSTEMPATH\BaseModel.php(840): CodeIgniter\Model->doInsert([...])
 4 SYSTEMPATH\Model.php(802): CodeIgniter\BaseModel->insert([...], true)
 5 APPPATH\Models\M_login.php(48): CodeIgniter\Model->insert([...])
 6 APPPATH\Controllers\Login.php(131): App\Models\M_login->saveUser([...])
 7 SYSTEMPATH\CodeIgniter.php(933): App\Controllers\Login->saveRegister()
 8 SYSTEMPATH\CodeIgniter.php(509): CodeIgniter\CodeIgniter->runController(Object(App\Controllers\Login))
 9 SYSTEMPATH\CodeIgniter.php(355): CodeIgniter\CodeIgniter->handleRequest(null, Object(Config\Cache), false)
10 SYSTEMPATH\Boot.php(325): CodeIgniter\CodeIgniter->run()
11 SYSTEMPATH\Boot.php(67): CodeIgniter\Boot::runCodeIgniter(Object(CodeIgniter\CodeIgniter))
12 FCPATH\index.php(56): CodeIgniter\Boot::bootWeb(Object(Config\Paths))
CRITICAL - 2025-09-14 08:01:20 --> [Caused by] CodeIgniter\Database\Exceptions\DatabaseException: Unknown column 'userfile' in 'field list'
in SYSTEMPATH\Database\MySQLi\Connection.php on line 317.
 1 SYSTEMPATH\Database\BaseConnection.php(734): CodeIgniter\Database\MySQLi\Connection->execute('INSERT INTO `tbl_user` (`nama`, `username`, `umur`, `no_hp`, `tingkatan`, `alamat`, `jenis_kelamin`, `password`, `role`, `userfile`, `is_active`) VALUES (\'robiatul\', \'robiatul\', \'23\', \'0896016678094\', \'SMA\', \'AAAA\', \'Perempuan\', \'123\', \'Pelajar\', \'1757836880_52881e8aa49c64b91a4e.png\', 0)')
 2 SYSTEMPATH\Database\BaseConnection.php(648): CodeIgniter\Database\BaseConnection->simpleQuery('INSERT INTO `tbl_user` (`nama`, `username`, `umur`, `no_hp`, `tingkatan`, `alamat`, `jenis_kelamin`, `password`, `role`, `userfile`, `is_active`) VALUES (\'robiatul\', \'robiatul\', \'23\', \'0896016678094\', \'SMA\', \'AAAA\', \'Perempuan\', \'123\', \'Pelajar\', \'1757836880_52881e8aa49c64b91a4e.png\', 0)')
 3 SYSTEMPATH\Database\BaseBuilder.php(2340): CodeIgniter\Database\BaseConnection->query('INSERT INTO `tbl_user` (`nama`, `username`, `umur`, `no_hp`, `tingkatan`, `alamat`, `jenis_kelamin`, `password`, `role`, `userfile`, `is_active`) VALUES (:nama:, :username:, :umur:, :no_hp:, :tingkatan:, :alamat:, :jenis_kelamin:, :password:, :role:, :userfile:, :is_active:)', [...], false)
 4 SYSTEMPATH\Model.php(394): CodeIgniter\Database\BaseBuilder->insert()
 5 SYSTEMPATH\BaseModel.php(840): CodeIgniter\Model->doInsert([...])
 6 SYSTEMPATH\Model.php(802): CodeIgniter\BaseModel->insert([...], true)
 7 APPPATH\Models\M_login.php(48): CodeIgniter\Model->insert([...])
 8 APPPATH\Controllers\Login.php(131): App\Models\M_login->saveUser([...])
 9 SYSTEMPATH\CodeIgniter.php(933): App\Controllers\Login->saveRegister()
10 SYSTEMPATH\CodeIgniter.php(509): CodeIgniter\CodeIgniter->runController(Object(App\Controllers\Login))
11 SYSTEMPATH\CodeIgniter.php(355): CodeIgniter\CodeIgniter->handleRequest(null, Object(Config\Cache), false)
12 SYSTEMPATH\Boot.php(325): CodeIgniter\CodeIgniter->run()
13 SYSTEMPATH\Boot.php(67): CodeIgniter\Boot::runCodeIgniter(Object(CodeIgniter\CodeIgniter))
14 FCPATH\index.php(56): CodeIgniter\Boot::bootWeb(Object(Config\Paths))
CRITICAL - 2025-09-14 08:01:20 --> [Caused by] mysqli_sql_exception: Unknown column 'userfile' in 'field list'
in SYSTEMPATH\Database\MySQLi\Connection.php on line 312.
 1 SYSTEMPATH\Database\MySQLi\Connection.php(312): mysqli->query('INSERT INTO `tbl_user` (`nama`, `username`, `umur`, `no_hp`, `tingkatan`, `alamat`, `jenis_kelamin`, `password`, `role`, `userfile`, `is_active`) VALUES (\'robiatul\', \'robiatul\', \'23\', \'0896016678094\', \'SMA\', \'AAAA\', \'Perempuan\', \'123\', \'Pelajar\', \'1757836880_52881e8aa49c64b91a4e.png\', 0)', 0)
 2 SYSTEMPATH\Database\BaseConnection.php(734): CodeIgniter\Database\MySQLi\Connection->execute('INSERT INTO `tbl_user` (`nama`, `username`, `umur`, `no_hp`, `tingkatan`, `alamat`, `jenis_kelamin`, `password`, `role`, `userfile`, `is_active`) VALUES (\'robiatul\', \'robiatul\', \'23\', \'0896016678094\', \'SMA\', \'AAAA\', \'Perempuan\', \'123\', \'Pelajar\', \'1757836880_52881e8aa49c64b91a4e.png\', 0)')
 3 SYSTEMPATH\Database\BaseConnection.php(648): CodeIgniter\Database\BaseConnection->simpleQuery('INSERT INTO `tbl_user` (`nama`, `username`, `umur`, `no_hp`, `tingkatan`, `alamat`, `jenis_kelamin`, `password`, `role`, `userfile`, `is_active`) VALUES (\'robiatul\', \'robiatul\', \'23\', \'0896016678094\', \'SMA\', \'AAAA\', \'Perempuan\', \'123\', \'Pelajar\', \'1757836880_52881e8aa49c64b91a4e.png\', 0)')
 4 SYSTEMPATH\Database\BaseBuilder.php(2340): CodeIgniter\Database\BaseConnection->query('INSERT INTO `tbl_user` (`nama`, `username`, `umur`, `no_hp`, `tingkatan`, `alamat`, `jenis_kelamin`, `password`, `role`, `userfile`, `is_active`) VALUES (:nama:, :username:, :umur:, :no_hp:, :tingkatan:, :alamat:, :jenis_kelamin:, :password:, :role:, :userfile:, :is_active:)', [...], false)
 5 SYSTEMPATH\Model.php(394): CodeIgniter\Database\BaseBuilder->insert()
 6 SYSTEMPATH\BaseModel.php(840): CodeIgniter\Model->doInsert([...])
 7 SYSTEMPATH\Model.php(802): CodeIgniter\BaseModel->insert([...], true)
 8 APPPATH\Models\M_login.php(48): CodeIgniter\Model->insert([...])
 9 APPPATH\Controllers\Login.php(131): App\Models\M_login->saveUser([...])
10 SYSTEMPATH\CodeIgniter.php(933): App\Controllers\Login->saveRegister()
11 SYSTEMPATH\CodeIgniter.php(509): CodeIgniter\CodeIgniter->runController(Object(App\Controllers\Login))
12 SYSTEMPATH\CodeIgniter.php(355): CodeIgniter\CodeIgniter->handleRequest(null, Object(Config\Cache), false)
13 SYSTEMPATH\Boot.php(325): CodeIgniter\CodeIgniter->run()
14 SYSTEMPATH\Boot.php(67): CodeIgniter\Boot::runCodeIgniter(Object(CodeIgniter\CodeIgniter))
15 FCPATH\index.php(56): CodeIgniter\Boot::bootWeb(Object(Config\Paths))
INFO - 2025-09-14 08:02:43 --> Session: Class initialized using 'CodeIgniter\Session\Handlers\FileHandler' driver.
INFO - 2025-09-14 08:02:43 --> Session: Class initialized using 'CodeIgniter\Session\Handlers\FileHandler' driver.
INFO - 2025-09-14 08:02:50 --> Session: Class initialized using 'CodeIgniter\Session\Handlers\FileHandler' driver.
INFO - 2025-09-14 08:02:50 --> Session: Class initialized using 'CodeIgniter\Session\Handlers\FileHandler' driver.
INFO - 2025-09-14 08:02:54 --> Session: Class initialized using 'CodeIgniter\Session\Handlers\FileHandler' driver.
CRITICAL - 2025-09-14 08:03:01 --> ErrorException: Undefined property: stdClass::$email
[Method: GET, Route: admin/approveAnggotaAdmin/12]
in APPPATH\Controllers\Admin.php on line 193.
 1 APPPATH\Controllers\Admin.php(193): CodeIgniter\Debug\Exceptions->errorHandler(2, 'Undefined property: stdClass::$email', 'D:\\xampp\\htdocs\\bimbingan-belajar\\app\\Controllers\\Admin.php', 193)
 2 SYSTEMPATH\CodeIgniter.php(933): App\Controllers\Admin->approveAnggotaAdmin('12')
 3 SYSTEMPATH\CodeIgniter.php(509): CodeIgniter\CodeIgniter->runController(Object(App\Controllers\Admin))
 4 SYSTEMPATH\CodeIgniter.php(355): CodeIgniter\CodeIgniter->handleRequest(null, Object(Config\Cache), false)
 5 SYSTEMPATH\Boot.php(325): CodeIgniter\CodeIgniter->run()
 6 SYSTEMPATH\Boot.php(67): CodeIgniter\Boot::runCodeIgniter(Object(CodeIgniter\CodeIgniter))
 7 FCPATH\index.php(56): CodeIgniter\Boot::bootWeb(Object(Config\Paths))
INFO - 2025-09-14 08:05:24 --> Session: Class initialized using 'CodeIgniter\Session\Handlers\FileHandler' driver.
INFO - 2025-09-14 08:05:26 --> Session: Class initialized using 'CodeIgniter\Session\Handlers\FileHandler' driver.
INFO - 2025-09-14 08:05:26 --> Session: Class initialized using 'CodeIgniter\Session\Handlers\FileHandler' driver.
INFO - 2025-09-14 08:05:31 --> Session: Class initialized using 'CodeIgniter\Session\Handlers\FileHandler' driver.
INFO - 2025-09-14 08:05:42 --> Session: Class initialized using 'CodeIgniter\Session\Handlers\FileHandler' driver.
INFO - 2025-09-14 08:06:05 --> Session: Class initialized using 'CodeIgniter\Session\Handlers\FileHandler' driver.
INFO - 2025-09-14 08:06:33 --> Session: Class initialized using 'CodeIgniter\Session\Handlers\FileHandler' driver.
INFO - 2025-09-14 08:06:33 --> Session: Class initialized using 'CodeIgniter\Session\Handlers\FileHandler' driver.
INFO - 2025-09-14 08:06:39 --> Session: Class initialized using 'CodeIgniter\Session\Handlers\FileHandler' driver.
INFO - 2025-09-14 08:06:39 --> Session: Class initialized using 'CodeIgniter\Session\Handlers\FileHandler' driver.
INFO - 2025-09-14 08:06:42 --> Session: Class initialized using 'CodeIgniter\Session\Handlers\FileHandler' driver.
ERROR - 2025-09-14 08:06:46 --> Email: sendWithMail throwed ErrorException: mail(): Failed to connect to mailserver at &quot;localhost&quot; port 25, verify your &quot;SMTP&quot; and &quot;smtp_port&quot; setting in php.ini or use ini_set() in D:\xampp\htdocs\bimbingan-belajar\system\Email\Email.php:1762
Stack trace:
#0 [internal function]: CodeIgniter\Debug\Exceptions->errorHandler(2, 'mail(): Failed ...', 'D:\\xampp\\htdocs...', 1762)
#1 D:\xampp\htdocs\bimbingan-belajar\system\Email\Email.php(1762): mail('', '=?UTF-8?Q?Akun=...', '\r\n             ...', 'Date: Sun, 14 S...', '-f israwinda05@...')
#2 D:\xampp\htdocs\bimbingan-belajar\system\Email\Email.php(1694): CodeIgniter\Email\Email->sendWithMail()
#3 D:\xampp\htdocs\bimbingan-belajar\system\Email\Email.php(1589): CodeIgniter\Email\Email->spoolEmail()
#4 D:\xampp\htdocs\bimbingan-belajar\app\Controllers\Admin.php(204): CodeIgniter\Email\Email->send()
#5 D:\xampp\htdocs\bimbingan-belajar\system\CodeIgniter.php(933): App\Controllers\Admin->approveAnggotaAdmin('13')
#6 D:\xampp\htdocs\bimbingan-belajar\system\CodeIgniter.php(509): CodeIgniter\CodeIgniter->runController(Object(App\Controllers\Admin))
#7 D:\xampp\htdocs\bimbingan-belajar\system\CodeIgniter.php(355): CodeIgniter\CodeIgniter->handleRequest(NULL, Object(Config\Cache), false)
#8 D:\xampp\htdocs\bimbingan-belajar\system\Boot.php(325): CodeIgniter\CodeIgniter->run()
#9 D:\xampp\htdocs\bimbingan-belajar\system\Boot.php(67): CodeIgniter\Boot::runCodeIgniter(Object(CodeIgniter\CodeIgniter))
#10 D:\xampp\htdocs\bimbingan-belajar\public\index.php(56): CodeIgniter\Boot::bootWeb(Object(Config\Paths))
#11 {main}
ERROR - 2025-09-14 08:06:46 --> Email: Unable to send email using PHP mail(). Your server might not be configured to send mail using this method.
ERROR - 2025-09-14 08:06:46 --> 
ERROR - 2025-09-14 08:06:46 --> Email gagal dikirim ke 
ERROR - 2025-09-14 08:06:46 --> Unable to send email using PHP mail(). Your server might not be configured to send mail using this method.<br><pre>Date: Sun, 14 Sep 2025 08:06:44 +0000
From: &quot;Admin Bimbel&quot; &lt;israwinda05@gmail.com&gt;
Return-Path: &lt;israwinda05@gmail.com&gt;
Reply-To: &lt;israwinda05@gmail.com&gt;
User-Agent: CodeIgniter
X-Sender: israwinda05@gmail.com
X-Mailer: CodeIgniter
X-Priority: 3 (Normal)
Message-ID: &lt;68c677944387d8.15156853@gmail.com&gt;
Mime-Version: 1.0
Content-Type: text/plain; charset=UTF-8
Content-Transfer-Encoding: 8bit
</pre>
INFO - 2025-09-14 08:06:46 --> Session: Class initialized using 'CodeIgniter\Session\Handlers\FileHandler' driver.
INFO - 2025-09-14 08:09:13 --> Session: Class initialized using 'CodeIgniter\Session\Handlers\FileHandler' driver.
INFO - 2025-09-14 08:09:13 --> Session: Class initialized using 'CodeIgniter\Session\Handlers\FileHandler' driver.
INFO - 2025-09-14 08:09:16 --> Session: Class initialized using 'CodeIgniter\Session\Handlers\FileHandler' driver.
INFO - 2025-09-14 08:09:38 --> Session: Class initialized using 'CodeIgniter\Session\Handlers\FileHandler' driver.
INFO - 2025-09-14 08:09:39 --> Session: Class initialized using 'CodeIgniter\Session\Handlers\FileHandler' driver.
INFO - 2025-09-14 08:09:43 --> Session: Class initialized using 'CodeIgniter\Session\Handlers\FileHandler' driver.
INFO - 2025-09-14 08:09:43 --> Session: Class initialized using 'CodeIgniter\Session\Handlers\FileHandler' driver.
INFO - 2025-09-14 08:09:47 --> Session: Class initialized using 'CodeIgniter\Session\Handlers\FileHandler' driver.
INFO - 2025-09-14 08:09:47 --> Session: Class initialized using 'CodeIgniter\Session\Handlers\FileHandler' driver.
INFO - 2025-09-14 08:09:50 --> Session: Class initialized using 'CodeIgniter\Session\Handlers\FileHandler' driver.
ERROR - 2025-09-14 08:09:53 --> Email: sendWithMail throwed ErrorException: mail(): Failed to connect to mailserver at &quot;localhost&quot; port 25, verify your &quot;SMTP&quot; and &quot;smtp_port&quot; setting in php.ini or use ini_set() in D:\xampp\htdocs\bimbingan-belajar\system\Email\Email.php:1762
Stack trace:
#0 [internal function]: CodeIgniter\Debug\Exceptions->errorHandler(2, 'mail(): Failed ...', 'D:\\xampp\\htdocs...', 1762)
#1 D:\xampp\htdocs\bimbingan-belajar\system\Email\Email.php(1762): mail('ranggaariz.23@g...', '=?UTF-8?Q?Akun=...', '\r\n             ...', 'Date: Sun, 14 S...', '-f israwinda05@...')
#2 D:\xampp\htdocs\bimbingan-belajar\system\Email\Email.php(1694): CodeIgniter\Email\Email->sendWithMail()
#3 D:\xampp\htdocs\bimbingan-belajar\system\Email\Email.php(1589): CodeIgniter\Email\Email->spoolEmail()
#4 D:\xampp\htdocs\bimbingan-belajar\app\Controllers\Admin.php(204): CodeIgniter\Email\Email->send()
#5 D:\xampp\htdocs\bimbingan-belajar\system\CodeIgniter.php(933): App\Controllers\Admin->approveAnggotaAdmin('14')
#6 D:\xampp\htdocs\bimbingan-belajar\system\CodeIgniter.php(509): CodeIgniter\CodeIgniter->runController(Object(App\Controllers\Admin))
#7 D:\xampp\htdocs\bimbingan-belajar\system\CodeIgniter.php(355): CodeIgniter\CodeIgniter->handleRequest(NULL, Object(Config\Cache), false)
#8 D:\xampp\htdocs\bimbingan-belajar\system\Boot.php(325): CodeIgniter\CodeIgniter->run()
#9 D:\xampp\htdocs\bimbingan-belajar\system\Boot.php(67): CodeIgniter\Boot::runCodeIgniter(Object(CodeIgniter\CodeIgniter))
#10 D:\xampp\htdocs\bimbingan-belajar\public\index.php(56): CodeIgniter\Boot::bootWeb(Object(Config\Paths))
#11 {main}
ERROR - 2025-09-14 08:09:53 --> Email: Unable to send email using PHP mail(). Your server might not be configured to send mail using this method.
ERROR - 2025-09-14 08:09:53 --> 
ERROR - 2025-09-14 08:09:53 --> Email gagal dikirim ke ranggaariz.23@gmail.com
ERROR - 2025-09-14 08:09:53 --> Unable to send email using PHP mail(). Your server might not be configured to send mail using this method.<br><pre>Date: Sun, 14 Sep 2025 08:09:51 +0000
From: &quot;Admin Bimbel&quot; &lt;israwinda05@gmail.com&gt;
Return-Path: &lt;israwinda05@gmail.com&gt;
Reply-To: &lt;israwinda05@gmail.com&gt;
User-Agent: CodeIgniter
X-Sender: israwinda05@gmail.com
X-Mailer: CodeIgniter
X-Priority: 3 (Normal)
Message-ID: &lt;68c6784fdf5841.23909119@gmail.com&gt;
Mime-Version: 1.0
Content-Type: text/plain; charset=UTF-8
Content-Transfer-Encoding: 8bit
</pre>
INFO - 2025-09-14 08:09:54 --> Session: Class initialized using 'CodeIgniter\Session\Handlers\FileHandler' driver.
INFO - 2025-09-14 08:15:13 --> Session: Class initialized using 'CodeIgniter\Session\Handlers\FileHandler' driver.
INFO - 2025-09-14 08:15:13 --> Session: Class initialized using 'CodeIgniter\Session\Handlers\FileHandler' driver.
INFO - 2025-09-14 08:15:17 --> Session: Class initialized using 'CodeIgniter\Session\Handlers\FileHandler' driver.
INFO - 2025-09-14 08:16:01 --> Session: Class initialized using 'CodeIgniter\Session\Handlers\FileHandler' driver.
INFO - 2025-09-14 08:16:01 --> Session: Class initialized using 'CodeIgniter\Session\Handlers\FileHandler' driver.
INFO - 2025-09-14 08:16:05 --> Session: Class initialized using 'CodeIgniter\Session\Handlers\FileHandler' driver.
INFO - 2025-09-14 08:16:06 --> Session: Class initialized using 'CodeIgniter\Session\Handlers\FileHandler' driver.
INFO - 2025-09-14 08:16:08 --> Session: Class initialized using 'CodeIgniter\Session\Handlers\FileHandler' driver.
ERROR - 2025-09-14 08:16:12 --> Email: Unable to send email using SMTP. Your server might not be configured to send mail using this method.
ERROR - 2025-09-14 08:16:12 --> 220 smtp.gmail.com ESMTP d2e1a72fcca58-77607c48f22sm10198430b3a.92 - gsmtp

hello: 250-smtp.gmail.com at your service, [182.253.243.84]
250-SIZE 35882577
250-8BITMIME
250-STARTTLS
250-ENHANCEDSTATUSCODES
250-PIPELINING
250-CHUNKING
250 SMTPUTF8

starttls: 220 2.0.0 Ready to start TLS

hello: 250-smtp.gmail.com at your service, [182.253.243.84]
250-SIZE 35882577
250-8BITMIME
250-AUTH LOGIN PLAIN XOAUTH2 PLAIN-CLIENTTOKEN OAUTHBEARER XOAUTH
250-ENHANCEDSTATUSCODES
250-PIPELINING
250-CHUNKING
250 SMTPUTF8

from: 530-5.7.0 Authentication Required. For more information, go to
530 5.7.0  https://support.google.com/accounts/troubleshooter/2402620. d2e1a72fcca58-77607c48f22sm10198430b3a.92 - gsmtp

The following SMTP error was encountered: 530-5.7.0 Authentication Required. For more information, go to
530 5.7.0  https://support.google.com/accounts/troubleshooter/2402620. d2e1a72fcca58-77607c48f22sm10198430b3a.92 - gsmtp

quit: 221 2.0.0 closing connection d2e1a72fcca58-77607c48f22sm10198430b3a.92 - gsmtp

ERROR - 2025-09-14 08:16:12 --> Email gagal dikirim ke pblkusukses100persen@gmail.com
ERROR - 2025-09-14 08:16:12 --> 220 smtp.gmail.com ESMTP d2e1a72fcca58-77607c48f22sm10198430b3a.92 - gsmtp
<br><pre>hello: 250-smtp.gmail.com at your service, [182.253.243.84]
250-SIZE 35882577
250-8BITMIME
250-STARTTLS
250-ENHANCEDSTATUSCODES
250-PIPELINING
250-CHUNKING
250 SMTPUTF8
</pre><pre>starttls: 220 2.0.0 Ready to start TLS
</pre><pre>hello: 250-smtp.gmail.com at your service, [182.253.243.84]
250-SIZE 35882577
250-8BITMIME
250-AUTH LOGIN PLAIN XOAUTH2 PLAIN-CLIENTTOKEN OAUTHBEARER XOAUTH
250-ENHANCEDSTATUSCODES
250-PIPELINING
250-CHUNKING
250 SMTPUTF8
</pre><pre>from: 530-5.7.0 Authentication Required. For more information, go to
530 5.7.0  https://support.google.com/accounts/troubleshooter/2402620. d2e1a72fcca58-77607c48f22sm10198430b3a.92 - gsmtp
</pre>The following SMTP error was encountered: 530-5.7.0 Authentication Required. For more information, go to
530 5.7.0  https://support.google.com/accounts/troubleshooter/2402620. d2e1a72fcca58-77607c48f22sm10198430b3a.92 - gsmtp
<br><pre>quit: 221 2.0.0 closing connection d2e1a72fcca58-77607c48f22sm10198430b3a.92 - gsmtp
</pre>Unable to send email using SMTP. Your server might not be configured to send mail using this method.<br><pre>Date: Sun, 14 Sep 2025 08:16:10 +0000
From: &quot;Admin Bimbel&quot; &lt;israwinda05@gmail.com&gt;
Return-Path: &lt;israwinda05@gmail.com&gt;
To: pblkusukses100persen@gmail.com
Subject: =?UTF-8?Q?Akun=20Kamu=20Sudah=20Aktif?=
Reply-To: &lt;israwinda05@gmail.com&gt;
User-Agent: CodeIgniter
X-Sender: israwinda05@gmail.com
X-Mailer: CodeIgniter
X-Priority: 3 (Normal)
Message-ID: &lt;68c679ca681de1.74698742@gmail.com&gt;
Mime-Version: 1.0

</pre>
INFO - 2025-09-14 08:16:12 --> Session: Class initialized using 'CodeIgniter\Session\Handlers\FileHandler' driver.
INFO - 2025-09-14 08:21:08 --> Session: Class initialized using 'CodeIgniter\Session\Handlers\FileHandler' driver.
ERROR - 2025-09-14 08:21:26 --> Email: Unable to send email using SMTP. Your server might not be configured to send mail using this method.
ERROR - 2025-09-14 08:21:26 --> 220 smtp.gmail.com ESMTP 41be03b00d2f7-b54ad8cd64dsm6273212a12.2 - gsmtp

hello: 250-smtp.gmail.com at your service, [182.253.243.84]
250-SIZE 35882577
250-8BITMIME
250-STARTTLS
250-ENHANCEDSTATUSCODES
250-PIPELINING
250-CHUNKING
250 SMTPUTF8

starttls: 220 2.0.0 Ready to start TLS

hello: 250-smtp.gmail.com at your service, [182.253.243.84]
250-SIZE 35882577
250-8BITMIME
250-AUTH LOGIN PLAIN XOAUTH2 PLAIN-CLIENTTOKEN OAUTHBEARER XOAUTH
250-ENHANCEDSTATUSCODES
250-PIPELINING
250-CHUNKING
250 SMTPUTF8

from: 530-5.7.0 Authentication Required. For more information, go to
530 5.7.0  https://support.google.com/accounts/troubleshooter/2402620. 41be03b00d2f7-b54ad8cd64dsm6273212a12.2 - gsmtp

The following SMTP error was encountered: 530-5.7.0 Authentication Required. For more information, go to
530 5.7.0  https://support.google.com/accounts/troubleshooter/2402620. 41be03b00d2f7-b54ad8cd64dsm6273212a12.2 - gsmtp

quit: 221 2.0.0 closing connection 41be03b00d2f7-b54ad8cd64dsm6273212a12.2 - gsmtp

INFO - 2025-09-14 08:31:21 --> Session: Class initialized using 'CodeIgniter\Session\Handlers\FileHandler' driver.
INFO - 2025-09-14 08:31:21 --> Session: Class initialized using 'CodeIgniter\Session\Handlers\FileHandler' driver.
INFO - 2025-09-14 08:31:25 --> Session: Class initialized using 'CodeIgniter\Session\Handlers\FileHandler' driver.
INFO - 2025-09-14 08:31:25 --> Session: Class initialized using 'CodeIgniter\Session\Handlers\FileHandler' driver.
INFO - 2025-09-14 08:31:28 --> Session: Class initialized using 'CodeIgniter\Session\Handlers\FileHandler' driver.
INFO - 2025-09-14 08:31:41 --> Session: Class initialized using 'CodeIgniter\Session\Handlers\FileHandler' driver.
INFO - 2025-09-14 08:31:46 --> Session: Class initialized using 'CodeIgniter\Session\Handlers\FileHandler' driver.
INFO - 2025-09-14 08:35:34 --> Session: Class initialized using 'CodeIgniter\Session\Handlers\FileHandler' driver.
INFO - 2025-09-14 08:35:35 --> Session: Class initialized using 'CodeIgniter\Session\Handlers\FileHandler' driver.
CRITICAL - 2025-09-14 08:42:13 --> ErrorException: Cannot redeclare App\Controllers\Pengajar::addJawaban()
[Method: GET, Route: pengajar/formSoal]
in APPPATH\Controllers\Pengajar.php on line 383.
 1 [internal function]: CodeIgniter\Debug\Exceptions->shutdownHandler()
INFO - 2025-09-14 08:42:24 --> Session: Class initialized using 'CodeIgniter\Session\Handlers\FileHandler' driver.
INFO - 2025-09-14 08:43:51 --> Session: Class initialized using 'CodeIgniter\Session\Handlers\FileHandler' driver.
INFO - 2025-09-14 08:43:51 --> Session: Class initialized using 'CodeIgniter\Session\Handlers\FileHandler' driver.
INFO - 2025-09-14 08:43:56 --> Session: Class initialized using 'CodeIgniter\Session\Handlers\FileHandler' driver.
INFO - 2025-09-14 08:44:01 --> Session: Class initialized using 'CodeIgniter\Session\Handlers\FileHandler' driver.
