INFO - 2025-01-05 15:38:58 --> Session: Class initialized using 'CodeIgniter\Session\Handlers\FileHandler' driver.
INFO - 2025-01-05 15:39:08 --> Session: Class initialized using 'CodeIgniter\Session\Handlers\FileHandler' driver.
INFO - 2025-01-05 15:39:08 --> Session: Class initialized using 'CodeIgniter\Session\Handlers\FileHandler' driver.
INFO - 2025-01-05 15:39:13 --> Session: Class initialized using 'CodeIgniter\Session\Handlers\FileHandler' driver.
INFO - 2025-01-05 15:39:16 --> Session: Class initialized using 'CodeIgniter\Session\Handlers\FileHandler' driver.
INFO - 2025-01-05 15:39:26 --> Session: Class initialized using 'CodeIgniter\Session\Handlers\FileHandler' driver.
INFO - 2025-01-05 15:39:26 --> Session: Class initialized using 'CodeIgniter\Session\Handlers\FileHandler' driver.
INFO - 2025-01-05 15:40:22 --> Session: Class initialized using 'CodeIgniter\Session\Handlers\FileHandler' driver.
INFO - 2025-01-05 15:40:24 --> Session: Class initialized using 'CodeIgniter\Session\Handlers\FileHandler' driver.
CRITICAL - 2025-01-05 15:40:24 --> ErrorException: Undefined variable $cuti
[Method: GET, Route: karyawan/openCuti/15/3]
in APPPATH\Views\pages\cuti_detail.php on line 86.
 1 APPPATH\Views\pages\cuti_detail.php(86): CodeIgniter\Debug\Exceptions->errorHandler(2, 'Undefined variable $cuti', 'D:\\xampp\\htdocs\\manajemen-karyawan\\app\\Views\\pages\\cuti_detail.php', 86)
 2 SYSTEMPATH\View\View.php(234): include('D:\\xampp\\htdocs\\manajemen-karyawan\\app\\Views\\pages\\cuti_detail.php')
 3 SYSTEMPATH\View\View.php(237): CodeIgniter\View\View->CodeIgniter\View\{closure}()
 4 SYSTEMPATH\Common.php(1171): CodeIgniter\View\View->render('pages/cuti_detail', [], true)
 5 APPPATH\Controllers\Karyawan.php(240): view('pages/cuti_detail', [...])
 6 SYSTEMPATH\CodeIgniter.php(933): App\Controllers\Karyawan->openCuti('15', '3')
 7 SYSTEMPATH\CodeIgniter.php(509): CodeIgniter\CodeIgniter->runController(Object(App\Controllers\Karyawan))
 8 SYSTEMPATH\CodeIgniter.php(355): CodeIgniter\CodeIgniter->handleRequest(null, Object(Config\Cache), false)
 9 SYSTEMPATH\Boot.php(325): CodeIgniter\CodeIgniter->run()
10 SYSTEMPATH\Boot.php(67): CodeIgniter\Boot::runCodeIgniter(Object(CodeIgniter\CodeIgniter))
11 FCPATH\index.php(56): CodeIgniter\Boot::bootWeb(Object(Config\Paths))
INFO - 2025-01-05 15:41:16 --> Session: Class initialized using 'CodeIgniter\Session\Handlers\FileHandler' driver.
INFO - 2025-01-05 15:41:23 --> Session: Class initialized using 'CodeIgniter\Session\Handlers\FileHandler' driver.
INFO - 2025-01-05 15:41:38 --> Session: Class initialized using 'CodeIgniter\Session\Handlers\FileHandler' driver.
INFO - 2025-01-05 15:41:52 --> Session: Class initialized using 'CodeIgniter\Session\Handlers\FileHandler' driver.
INFO - 2025-01-05 15:42:19 --> Session: Class initialized using 'CodeIgniter\Session\Handlers\FileHandler' driver.
INFO - 2025-01-05 15:42:22 --> Session: Class initialized using 'CodeIgniter\Session\Handlers\FileHandler' driver.
ERROR - 2025-01-05 15:42:53 --> mysqli_sql_exception: Lock wait timeout exceeded; try restarting transaction in D:\xampp\htdocs\manajemen-karyawan\system\Database\MySQLi\Connection.php:312
Stack trace:
#0 D:\xampp\htdocs\manajemen-karyawan\system\Database\MySQLi\Connection.php(312): mysqli->query('UPDATE `tbl_use...', 0)
#1 D:\xampp\htdocs\manajemen-karyawan\system\Database\BaseConnection.php(734): CodeIgniter\Database\MySQLi\Connection->execute('UPDATE `tbl_use...')
#2 D:\xampp\htdocs\manajemen-karyawan\system\Database\BaseConnection.php(648): CodeIgniter\Database\BaseConnection->simpleQuery('UPDATE `tbl_use...')
#3 D:\xampp\htdocs\manajemen-karyawan\system\Database\BaseBuilder.php(2516): CodeIgniter\Database\BaseConnection->query('UPDATE `tbl_use...', Array, false)
#4 D:\xampp\htdocs\manajemen-karyawan\system\Model.php(461): CodeIgniter\Database\BaseBuilder->update()
#5 D:\xampp\htdocs\manajemen-karyawan\system\BaseModel.php(1028): CodeIgniter\Model->doUpdate(Array, Array)
#6 D:\xampp\htdocs\manajemen-karyawan\system\Model.php(865): CodeIgniter\BaseModel->update(Array, Array)
#7 D:\xampp\htdocs\manajemen-karyawan\app\Models\AdminModel.php(58): CodeIgniter\Model->update(3, Array)
#8 D:\xampp\htdocs\manajemen-karyawan\app\Controllers\Karyawan.php(152): App\Models\AdminModel->updateUser(Array, 3)
#9 D:\xampp\htdocs\manajemen-karyawan\system\CodeIgniter.php(933): App\Controllers\Karyawan->uploadProfile('3')
#10 D:\xampp\htdocs\manajemen-karyawan\system\CodeIgniter.php(509): CodeIgniter\CodeIgniter->runController(Object(App\Controllers\Karyawan))
#11 D:\xampp\htdocs\manajemen-karyawan\system\CodeIgniter.php(355): CodeIgniter\CodeIgniter->handleRequest(NULL, Object(Config\Cache), false)
#12 D:\xampp\htdocs\manajemen-karyawan\system\Boot.php(325): CodeIgniter\CodeIgniter->run()
#13 D:\xampp\htdocs\manajemen-karyawan\system\Boot.php(67): CodeIgniter\Boot::runCodeIgniter(Object(CodeIgniter\CodeIgniter))
#14 D:\xampp\htdocs\manajemen-karyawan\public\index.php(56): CodeIgniter\Boot::bootWeb(Object(Config\Paths))
#15 {main}
CRITICAL - 2025-01-05 15:42:53 --> CodeIgniter\Database\Exceptions\DatabaseException: Lock wait timeout exceeded; try restarting transaction
[Method: POST, Route: karyawan/uploadProfile/3]
in SYSTEMPATH\Database\BaseConnection.php on line 688.
 1 SYSTEMPATH\Database\BaseBuilder.php(2516): CodeIgniter\Database\BaseConnection->query('UPDATE `tbl_user` SET `picture` = :picture:
WHERE `tbl_user`.`id_user` IN :tbl_user.id_user:', [...], false)
 2 SYSTEMPATH\Model.php(461): CodeIgniter\Database\BaseBuilder->update()
 3 SYSTEMPATH\BaseModel.php(1028): CodeIgniter\Model->doUpdate([...], [...])
 4 SYSTEMPATH\Model.php(865): CodeIgniter\BaseModel->update([...], [...])
 5 APPPATH\Models\AdminModel.php(58): CodeIgniter\Model->update(3, [...])
 6 APPPATH\Controllers\Karyawan.php(152): App\Models\AdminModel->updateUser([...], 3)
 7 SYSTEMPATH\CodeIgniter.php(933): App\Controllers\Karyawan->uploadProfile('3')
 8 SYSTEMPATH\CodeIgniter.php(509): CodeIgniter\CodeIgniter->runController(Object(App\Controllers\Karyawan))
 9 SYSTEMPATH\CodeIgniter.php(355): CodeIgniter\CodeIgniter->handleRequest(null, Object(Config\Cache), false)
10 SYSTEMPATH\Boot.php(325): CodeIgniter\CodeIgniter->run()
11 SYSTEMPATH\Boot.php(67): CodeIgniter\Boot::runCodeIgniter(Object(CodeIgniter\CodeIgniter))
12 FCPATH\index.php(56): CodeIgniter\Boot::bootWeb(Object(Config\Paths))
CRITICAL - 2025-01-05 15:42:53 --> [Caused by] CodeIgniter\Database\Exceptions\DatabaseException: Lock wait timeout exceeded; try restarting transaction
in SYSTEMPATH\Database\MySQLi\Connection.php on line 317.
 1 SYSTEMPATH\Database\BaseConnection.php(734): CodeIgniter\Database\MySQLi\Connection->execute('UPDATE `tbl_user` SET `picture` = \'1736091722_625eb3e240bc411ae634.jpg\'
WHERE `tbl_user`.`id_user` IN (3)')
 2 SYSTEMPATH\Database\BaseConnection.php(648): CodeIgniter\Database\BaseConnection->simpleQuery('UPDATE `tbl_user` SET `picture` = \'1736091722_625eb3e240bc411ae634.jpg\'
WHERE `tbl_user`.`id_user` IN (3)')
 3 SYSTEMPATH\Database\BaseBuilder.php(2516): CodeIgniter\Database\BaseConnection->query('UPDATE `tbl_user` SET `picture` = :picture:
WHERE `tbl_user`.`id_user` IN :tbl_user.id_user:', [...], false)
 4 SYSTEMPATH\Model.php(461): CodeIgniter\Database\BaseBuilder->update()
 5 SYSTEMPATH\BaseModel.php(1028): CodeIgniter\Model->doUpdate([...], [...])
 6 SYSTEMPATH\Model.php(865): CodeIgniter\BaseModel->update([...], [...])
 7 APPPATH\Models\AdminModel.php(58): CodeIgniter\Model->update(3, [...])
 8 APPPATH\Controllers\Karyawan.php(152): App\Models\AdminModel->updateUser([...], 3)
 9 SYSTEMPATH\CodeIgniter.php(933): App\Controllers\Karyawan->uploadProfile('3')
10 SYSTEMPATH\CodeIgniter.php(509): CodeIgniter\CodeIgniter->runController(Object(App\Controllers\Karyawan))
11 SYSTEMPATH\CodeIgniter.php(355): CodeIgniter\CodeIgniter->handleRequest(null, Object(Config\Cache), false)
12 SYSTEMPATH\Boot.php(325): CodeIgniter\CodeIgniter->run()
13 SYSTEMPATH\Boot.php(67): CodeIgniter\Boot::runCodeIgniter(Object(CodeIgniter\CodeIgniter))
14 FCPATH\index.php(56): CodeIgniter\Boot::bootWeb(Object(Config\Paths))
CRITICAL - 2025-01-05 15:42:53 --> [Caused by] mysqli_sql_exception: Lock wait timeout exceeded; try restarting transaction
in SYSTEMPATH\Database\MySQLi\Connection.php on line 312.
 1 SYSTEMPATH\Database\MySQLi\Connection.php(312): mysqli->query('UPDATE `tbl_user` SET `picture` = \'1736091722_625eb3e240bc411ae634.jpg\'
WHERE `tbl_user`.`id_user` IN (3)', 0)
 2 SYSTEMPATH\Database\BaseConnection.php(734): CodeIgniter\Database\MySQLi\Connection->execute('UPDATE `tbl_user` SET `picture` = \'1736091722_625eb3e240bc411ae634.jpg\'
WHERE `tbl_user`.`id_user` IN (3)')
 3 SYSTEMPATH\Database\BaseConnection.php(648): CodeIgniter\Database\BaseConnection->simpleQuery('UPDATE `tbl_user` SET `picture` = \'1736091722_625eb3e240bc411ae634.jpg\'
WHERE `tbl_user`.`id_user` IN (3)')
 4 SYSTEMPATH\Database\BaseBuilder.php(2516): CodeIgniter\Database\BaseConnection->query('UPDATE `tbl_user` SET `picture` = :picture:
WHERE `tbl_user`.`id_user` IN :tbl_user.id_user:', [...], false)
 5 SYSTEMPATH\Model.php(461): CodeIgniter\Database\BaseBuilder->update()
 6 SYSTEMPATH\BaseModel.php(1028): CodeIgniter\Model->doUpdate([...], [...])
 7 SYSTEMPATH\Model.php(865): CodeIgniter\BaseModel->update([...], [...])
 8 APPPATH\Models\AdminModel.php(58): CodeIgniter\Model->update(3, [...])
 9 APPPATH\Controllers\Karyawan.php(152): App\Models\AdminModel->updateUser([...], 3)
10 SYSTEMPATH\CodeIgniter.php(933): App\Controllers\Karyawan->uploadProfile('3')
11 SYSTEMPATH\CodeIgniter.php(509): CodeIgniter\CodeIgniter->runController(Object(App\Controllers\Karyawan))
12 SYSTEMPATH\CodeIgniter.php(355): CodeIgniter\CodeIgniter->handleRequest(null, Object(Config\Cache), false)
13 SYSTEMPATH\Boot.php(325): CodeIgniter\CodeIgniter->run()
14 SYSTEMPATH\Boot.php(67): CodeIgniter\Boot::runCodeIgniter(Object(CodeIgniter\CodeIgniter))
15 FCPATH\index.php(56): CodeIgniter\Boot::bootWeb(Object(Config\Paths))
INFO - 2025-01-05 15:42:53 --> Session: Class initialized using 'CodeIgniter\Session\Handlers\FileHandler' driver.
ERROR - 2025-01-05 15:42:54 --> mysqli_sql_exception: Lock wait timeout exceeded; try restarting transaction in D:\xampp\htdocs\manajemen-karyawan\system\Database\MySQLi\Connection.php:312
Stack trace:
#0 D:\xampp\htdocs\manajemen-karyawan\system\Database\MySQLi\Connection.php(312): mysqli->query('UPDATE `tbl_use...', 0)
#1 D:\xampp\htdocs\manajemen-karyawan\system\Database\BaseConnection.php(734): CodeIgniter\Database\MySQLi\Connection->execute('UPDATE `tbl_use...')
#2 D:\xampp\htdocs\manajemen-karyawan\system\Database\BaseConnection.php(648): CodeIgniter\Database\BaseConnection->simpleQuery('UPDATE `tbl_use...')
#3 D:\xampp\htdocs\manajemen-karyawan\system\Database\BaseBuilder.php(2516): CodeIgniter\Database\BaseConnection->query('UPDATE `tbl_use...', Array, false)
#4 D:\xampp\htdocs\manajemen-karyawan\system\Model.php(461): CodeIgniter\Database\BaseBuilder->update()
#5 D:\xampp\htdocs\manajemen-karyawan\system\BaseModel.php(1028): CodeIgniter\Model->doUpdate(Array, Array)
#6 D:\xampp\htdocs\manajemen-karyawan\system\Model.php(865): CodeIgniter\BaseModel->update(Array, Array)
#7 D:\xampp\htdocs\manajemen-karyawan\app\Models\AdminModel.php(58): CodeIgniter\Model->update(3, Array)
#8 D:\xampp\htdocs\manajemen-karyawan\app\Controllers\Karyawan.php(152): App\Models\AdminModel->updateUser(Array, 3)
#9 D:\xampp\htdocs\manajemen-karyawan\system\CodeIgniter.php(933): App\Controllers\Karyawan->uploadProfile('3')
#10 D:\xampp\htdocs\manajemen-karyawan\system\CodeIgniter.php(509): CodeIgniter\CodeIgniter->runController(Object(App\Controllers\Karyawan))
#11 D:\xampp\htdocs\manajemen-karyawan\system\CodeIgniter.php(355): CodeIgniter\CodeIgniter->handleRequest(NULL, Object(Config\Cache), false)
#12 D:\xampp\htdocs\manajemen-karyawan\system\Boot.php(325): CodeIgniter\CodeIgniter->run()
#13 D:\xampp\htdocs\manajemen-karyawan\system\Boot.php(67): CodeIgniter\Boot::runCodeIgniter(Object(CodeIgniter\CodeIgniter))
#14 D:\xampp\htdocs\manajemen-karyawan\public\index.php(56): CodeIgniter\Boot::bootWeb(Object(Config\Paths))
#15 {main}
CRITICAL - 2025-01-05 15:42:54 --> CodeIgniter\Database\Exceptions\DatabaseException: Lock wait timeout exceeded; try restarting transaction
[Method: POST, Route: karyawan/uploadProfile/3]
in SYSTEMPATH\Database\BaseConnection.php on line 688.
 1 SYSTEMPATH\Database\BaseBuilder.php(2516): CodeIgniter\Database\BaseConnection->query('UPDATE `tbl_user` SET `picture` = :picture:
WHERE `tbl_user`.`id_user` IN :tbl_user.id_user:', [...], false)
 2 SYSTEMPATH\Model.php(461): CodeIgniter\Database\BaseBuilder->update()
 3 SYSTEMPATH\BaseModel.php(1028): CodeIgniter\Model->doUpdate([...], [...])
 4 SYSTEMPATH\Model.php(865): CodeIgniter\BaseModel->update([...], [...])
 5 APPPATH\Models\AdminModel.php(58): CodeIgniter\Model->update(3, [...])
 6 APPPATH\Controllers\Karyawan.php(152): App\Models\AdminModel->updateUser([...], 3)
 7 SYSTEMPATH\CodeIgniter.php(933): App\Controllers\Karyawan->uploadProfile('3')
 8 SYSTEMPATH\CodeIgniter.php(509): CodeIgniter\CodeIgniter->runController(Object(App\Controllers\Karyawan))
 9 SYSTEMPATH\CodeIgniter.php(355): CodeIgniter\CodeIgniter->handleRequest(null, Object(Config\Cache), false)
10 SYSTEMPATH\Boot.php(325): CodeIgniter\CodeIgniter->run()
11 SYSTEMPATH\Boot.php(67): CodeIgniter\Boot::runCodeIgniter(Object(CodeIgniter\CodeIgniter))
12 FCPATH\index.php(56): CodeIgniter\Boot::bootWeb(Object(Config\Paths))
CRITICAL - 2025-01-05 15:42:54 --> [Caused by] CodeIgniter\Database\Exceptions\DatabaseException: Lock wait timeout exceeded; try restarting transaction
in SYSTEMPATH\Database\MySQLi\Connection.php on line 317.
 1 SYSTEMPATH\Database\BaseConnection.php(734): CodeIgniter\Database\MySQLi\Connection->execute('UPDATE `tbl_user` SET `picture` = \'1736091723_3455aaea6fdf009761eb.jpg\'
WHERE `tbl_user`.`id_user` IN (3)')
 2 SYSTEMPATH\Database\BaseConnection.php(648): CodeIgniter\Database\BaseConnection->simpleQuery('UPDATE `tbl_user` SET `picture` = \'1736091723_3455aaea6fdf009761eb.jpg\'
WHERE `tbl_user`.`id_user` IN (3)')
 3 SYSTEMPATH\Database\BaseBuilder.php(2516): CodeIgniter\Database\BaseConnection->query('UPDATE `tbl_user` SET `picture` = :picture:
WHERE `tbl_user`.`id_user` IN :tbl_user.id_user:', [...], false)
 4 SYSTEMPATH\Model.php(461): CodeIgniter\Database\BaseBuilder->update()
 5 SYSTEMPATH\BaseModel.php(1028): CodeIgniter\Model->doUpdate([...], [...])
 6 SYSTEMPATH\Model.php(865): CodeIgniter\BaseModel->update([...], [...])
 7 APPPATH\Models\AdminModel.php(58): CodeIgniter\Model->update(3, [...])
 8 APPPATH\Controllers\Karyawan.php(152): App\Models\AdminModel->updateUser([...], 3)
 9 SYSTEMPATH\CodeIgniter.php(933): App\Controllers\Karyawan->uploadProfile('3')
10 SYSTEMPATH\CodeIgniter.php(509): CodeIgniter\CodeIgniter->runController(Object(App\Controllers\Karyawan))
11 SYSTEMPATH\CodeIgniter.php(355): CodeIgniter\CodeIgniter->handleRequest(null, Object(Config\Cache), false)
12 SYSTEMPATH\Boot.php(325): CodeIgniter\CodeIgniter->run()
13 SYSTEMPATH\Boot.php(67): CodeIgniter\Boot::runCodeIgniter(Object(CodeIgniter\CodeIgniter))
14 FCPATH\index.php(56): CodeIgniter\Boot::bootWeb(Object(Config\Paths))
CRITICAL - 2025-01-05 15:42:54 --> [Caused by] mysqli_sql_exception: Lock wait timeout exceeded; try restarting transaction
in SYSTEMPATH\Database\MySQLi\Connection.php on line 312.
 1 SYSTEMPATH\Database\MySQLi\Connection.php(312): mysqli->query('UPDATE `tbl_user` SET `picture` = \'1736091723_3455aaea6fdf009761eb.jpg\'
WHERE `tbl_user`.`id_user` IN (3)', 0)
 2 SYSTEMPATH\Database\BaseConnection.php(734): CodeIgniter\Database\MySQLi\Connection->execute('UPDATE `tbl_user` SET `picture` = \'1736091723_3455aaea6fdf009761eb.jpg\'
WHERE `tbl_user`.`id_user` IN (3)')
 3 SYSTEMPATH\Database\BaseConnection.php(648): CodeIgniter\Database\BaseConnection->simpleQuery('UPDATE `tbl_user` SET `picture` = \'1736091723_3455aaea6fdf009761eb.jpg\'
WHERE `tbl_user`.`id_user` IN (3)')
 4 SYSTEMPATH\Database\BaseBuilder.php(2516): CodeIgniter\Database\BaseConnection->query('UPDATE `tbl_user` SET `picture` = :picture:
WHERE `tbl_user`.`id_user` IN :tbl_user.id_user:', [...], false)
 5 SYSTEMPATH\Model.php(461): CodeIgniter\Database\BaseBuilder->update()
 6 SYSTEMPATH\BaseModel.php(1028): CodeIgniter\Model->doUpdate([...], [...])
 7 SYSTEMPATH\Model.php(865): CodeIgniter\BaseModel->update([...], [...])
 8 APPPATH\Models\AdminModel.php(58): CodeIgniter\Model->update(3, [...])
 9 APPPATH\Controllers\Karyawan.php(152): App\Models\AdminModel->updateUser([...], 3)
10 SYSTEMPATH\CodeIgniter.php(933): App\Controllers\Karyawan->uploadProfile('3')
11 SYSTEMPATH\CodeIgniter.php(509): CodeIgniter\CodeIgniter->runController(Object(App\Controllers\Karyawan))
12 SYSTEMPATH\CodeIgniter.php(355): CodeIgniter\CodeIgniter->handleRequest(null, Object(Config\Cache), false)
13 SYSTEMPATH\Boot.php(325): CodeIgniter\CodeIgniter->run()
14 SYSTEMPATH\Boot.php(67): CodeIgniter\Boot::runCodeIgniter(Object(CodeIgniter\CodeIgniter))
15 FCPATH\index.php(56): CodeIgniter\Boot::bootWeb(Object(Config\Paths))
INFO - 2025-01-05 15:42:56 --> Session: Class initialized using 'CodeIgniter\Session\Handlers\FileHandler' driver.
ERROR - 2025-01-05 15:43:18 --> mysqli_sql_exception: Lock wait timeout exceeded; try restarting transaction in D:\xampp\htdocs\manajemen-karyawan\system\Database\MySQLi\Connection.php:312
Stack trace:
#0 D:\xampp\htdocs\manajemen-karyawan\system\Database\MySQLi\Connection.php(312): mysqli->query('UPDATE `tbl_use...', 0)
#1 D:\xampp\htdocs\manajemen-karyawan\system\Database\BaseConnection.php(734): CodeIgniter\Database\MySQLi\Connection->execute('UPDATE `tbl_use...')
#2 D:\xampp\htdocs\manajemen-karyawan\system\Database\BaseConnection.php(648): CodeIgniter\Database\BaseConnection->simpleQuery('UPDATE `tbl_use...')
#3 D:\xampp\htdocs\manajemen-karyawan\system\Database\BaseBuilder.php(2516): CodeIgniter\Database\BaseConnection->query('UPDATE `tbl_use...', Array, false)
#4 D:\xampp\htdocs\manajemen-karyawan\system\Model.php(461): CodeIgniter\Database\BaseBuilder->update()
#5 D:\xampp\htdocs\manajemen-karyawan\system\BaseModel.php(1028): CodeIgniter\Model->doUpdate(Array, Array)
#6 D:\xampp\htdocs\manajemen-karyawan\system\Model.php(865): CodeIgniter\BaseModel->update(Array, Array)
#7 D:\xampp\htdocs\manajemen-karyawan\app\Models\AdminModel.php(58): CodeIgniter\Model->update(3, Array)
#8 D:\xampp\htdocs\manajemen-karyawan\app\Controllers\Karyawan.php(152): App\Models\AdminModel->updateUser(Array, 3)
#9 D:\xampp\htdocs\manajemen-karyawan\system\CodeIgniter.php(933): App\Controllers\Karyawan->uploadProfile('3')
#10 D:\xampp\htdocs\manajemen-karyawan\system\CodeIgniter.php(509): CodeIgniter\CodeIgniter->runController(Object(App\Controllers\Karyawan))
#11 D:\xampp\htdocs\manajemen-karyawan\system\CodeIgniter.php(355): CodeIgniter\CodeIgniter->handleRequest(NULL, Object(Config\Cache), false)
#12 D:\xampp\htdocs\manajemen-karyawan\system\Boot.php(325): CodeIgniter\CodeIgniter->run()
#13 D:\xampp\htdocs\manajemen-karyawan\system\Boot.php(67): CodeIgniter\Boot::runCodeIgniter(Object(CodeIgniter\CodeIgniter))
#14 D:\xampp\htdocs\manajemen-karyawan\public\index.php(56): CodeIgniter\Boot::bootWeb(Object(Config\Paths))
#15 {main}
CRITICAL - 2025-01-05 15:43:18 --> CodeIgniter\Database\Exceptions\DatabaseException: Lock wait timeout exceeded; try restarting transaction
[Method: POST, Route: karyawan/uploadProfile/3]
in SYSTEMPATH\Database\BaseConnection.php on line 688.
 1 SYSTEMPATH\Database\BaseBuilder.php(2516): CodeIgniter\Database\BaseConnection->query('UPDATE `tbl_user` SET `picture` = :picture:
WHERE `tbl_user`.`id_user` IN :tbl_user.id_user:', [...], false)
 2 SYSTEMPATH\Model.php(461): CodeIgniter\Database\BaseBuilder->update()
 3 SYSTEMPATH\BaseModel.php(1028): CodeIgniter\Model->doUpdate([...], [...])
 4 SYSTEMPATH\Model.php(865): CodeIgniter\BaseModel->update([...], [...])
 5 APPPATH\Models\AdminModel.php(58): CodeIgniter\Model->update(3, [...])
 6 APPPATH\Controllers\Karyawan.php(152): App\Models\AdminModel->updateUser([...], 3)
 7 SYSTEMPATH\CodeIgniter.php(933): App\Controllers\Karyawan->uploadProfile('3')
 8 SYSTEMPATH\CodeIgniter.php(509): CodeIgniter\CodeIgniter->runController(Object(App\Controllers\Karyawan))
 9 SYSTEMPATH\CodeIgniter.php(355): CodeIgniter\CodeIgniter->handleRequest(null, Object(Config\Cache), false)
10 SYSTEMPATH\Boot.php(325): CodeIgniter\CodeIgniter->run()
11 SYSTEMPATH\Boot.php(67): CodeIgniter\Boot::runCodeIgniter(Object(CodeIgniter\CodeIgniter))
12 FCPATH\index.php(56): CodeIgniter\Boot::bootWeb(Object(Config\Paths))
CRITICAL - 2025-01-05 15:43:18 --> [Caused by] CodeIgniter\Database\Exceptions\DatabaseException: Lock wait timeout exceeded; try restarting transaction
in SYSTEMPATH\Database\MySQLi\Connection.php on line 317.
 1 SYSTEMPATH\Database\BaseConnection.php(734): CodeIgniter\Database\MySQLi\Connection->execute('UPDATE `tbl_user` SET `picture` = \'1736091747_9f5942f0ee4a1d2e505a.jpg\'
WHERE `tbl_user`.`id_user` IN (3)')
 2 SYSTEMPATH\Database\BaseConnection.php(648): CodeIgniter\Database\BaseConnection->simpleQuery('UPDATE `tbl_user` SET `picture` = \'1736091747_9f5942f0ee4a1d2e505a.jpg\'
WHERE `tbl_user`.`id_user` IN (3)')
 3 SYSTEMPATH\Database\BaseBuilder.php(2516): CodeIgniter\Database\BaseConnection->query('UPDATE `tbl_user` SET `picture` = :picture:
WHERE `tbl_user`.`id_user` IN :tbl_user.id_user:', [...], false)
 4 SYSTEMPATH\Model.php(461): CodeIgniter\Database\BaseBuilder->update()
 5 SYSTEMPATH\BaseModel.php(1028): CodeIgniter\Model->doUpdate([...], [...])
 6 SYSTEMPATH\Model.php(865): CodeIgniter\BaseModel->update([...], [...])
 7 APPPATH\Models\AdminModel.php(58): CodeIgniter\Model->update(3, [...])
 8 APPPATH\Controllers\Karyawan.php(152): App\Models\AdminModel->updateUser([...], 3)
 9 SYSTEMPATH\CodeIgniter.php(933): App\Controllers\Karyawan->uploadProfile('3')
10 SYSTEMPATH\CodeIgniter.php(509): CodeIgniter\CodeIgniter->runController(Object(App\Controllers\Karyawan))
11 SYSTEMPATH\CodeIgniter.php(355): CodeIgniter\CodeIgniter->handleRequest(null, Object(Config\Cache), false)
12 SYSTEMPATH\Boot.php(325): CodeIgniter\CodeIgniter->run()
13 SYSTEMPATH\Boot.php(67): CodeIgniter\Boot::runCodeIgniter(Object(CodeIgniter\CodeIgniter))
14 FCPATH\index.php(56): CodeIgniter\Boot::bootWeb(Object(Config\Paths))
CRITICAL - 2025-01-05 15:43:18 --> [Caused by] mysqli_sql_exception: Lock wait timeout exceeded; try restarting transaction
in SYSTEMPATH\Database\MySQLi\Connection.php on line 312.
 1 SYSTEMPATH\Database\MySQLi\Connection.php(312): mysqli->query('UPDATE `tbl_user` SET `picture` = \'1736091747_9f5942f0ee4a1d2e505a.jpg\'
WHERE `tbl_user`.`id_user` IN (3)', 0)
 2 SYSTEMPATH\Database\BaseConnection.php(734): CodeIgniter\Database\MySQLi\Connection->execute('UPDATE `tbl_user` SET `picture` = \'1736091747_9f5942f0ee4a1d2e505a.jpg\'
WHERE `tbl_user`.`id_user` IN (3)')
 3 SYSTEMPATH\Database\BaseConnection.php(648): CodeIgniter\Database\BaseConnection->simpleQuery('UPDATE `tbl_user` SET `picture` = \'1736091747_9f5942f0ee4a1d2e505a.jpg\'
WHERE `tbl_user`.`id_user` IN (3)')
 4 SYSTEMPATH\Database\BaseBuilder.php(2516): CodeIgniter\Database\BaseConnection->query('UPDATE `tbl_user` SET `picture` = :picture:
WHERE `tbl_user`.`id_user` IN :tbl_user.id_user:', [...], false)
 5 SYSTEMPATH\Model.php(461): CodeIgniter\Database\BaseBuilder->update()
 6 SYSTEMPATH\BaseModel.php(1028): CodeIgniter\Model->doUpdate([...], [...])
 7 SYSTEMPATH\Model.php(865): CodeIgniter\BaseModel->update([...], [...])
 8 APPPATH\Models\AdminModel.php(58): CodeIgniter\Model->update(3, [...])
 9 APPPATH\Controllers\Karyawan.php(152): App\Models\AdminModel->updateUser([...], 3)
10 SYSTEMPATH\CodeIgniter.php(933): App\Controllers\Karyawan->uploadProfile('3')
11 SYSTEMPATH\CodeIgniter.php(509): CodeIgniter\CodeIgniter->runController(Object(App\Controllers\Karyawan))
12 SYSTEMPATH\CodeIgniter.php(355): CodeIgniter\CodeIgniter->handleRequest(null, Object(Config\Cache), false)
13 SYSTEMPATH\Boot.php(325): CodeIgniter\CodeIgniter->run()
14 SYSTEMPATH\Boot.php(67): CodeIgniter\Boot::runCodeIgniter(Object(CodeIgniter\CodeIgniter))
15 FCPATH\index.php(56): CodeIgniter\Boot::bootWeb(Object(Config\Paths))
ERROR - 2025-01-05 15:43:54 --> mysqli_sql_exception: Lock wait timeout exceeded; try restarting transaction in D:\xampp\htdocs\manajemen-karyawan\system\Database\MySQLi\Connection.php:312
Stack trace:
#0 D:\xampp\htdocs\manajemen-karyawan\system\Database\MySQLi\Connection.php(312): mysqli->query('UPDATE `tbl_use...', 0)
#1 D:\xampp\htdocs\manajemen-karyawan\system\Database\BaseConnection.php(734): CodeIgniter\Database\MySQLi\Connection->execute('UPDATE `tbl_use...')
#2 D:\xampp\htdocs\manajemen-karyawan\system\Database\BaseConnection.php(648): CodeIgniter\Database\BaseConnection->simpleQuery('UPDATE `tbl_use...')
#3 D:\xampp\htdocs\manajemen-karyawan\system\Database\BaseBuilder.php(2516): CodeIgniter\Database\BaseConnection->query('UPDATE `tbl_use...', Array, false)
#4 D:\xampp\htdocs\manajemen-karyawan\system\Model.php(461): CodeIgniter\Database\BaseBuilder->update()
#5 D:\xampp\htdocs\manajemen-karyawan\system\BaseModel.php(1028): CodeIgniter\Model->doUpdate(Array, Array)
#6 D:\xampp\htdocs\manajemen-karyawan\system\Model.php(865): CodeIgniter\BaseModel->update(Array, Array)
#7 D:\xampp\htdocs\manajemen-karyawan\app\Models\AdminModel.php(58): CodeIgniter\Model->update(3, Array)
#8 D:\xampp\htdocs\manajemen-karyawan\app\Controllers\Karyawan.php(152): App\Models\AdminModel->updateUser(Array, 3)
#9 D:\xampp\htdocs\manajemen-karyawan\system\CodeIgniter.php(933): App\Controllers\Karyawan->uploadProfile('3')
#10 D:\xampp\htdocs\manajemen-karyawan\system\CodeIgniter.php(509): CodeIgniter\CodeIgniter->runController(Object(App\Controllers\Karyawan))
#11 D:\xampp\htdocs\manajemen-karyawan\system\CodeIgniter.php(355): CodeIgniter\CodeIgniter->handleRequest(NULL, Object(Config\Cache), false)
#12 D:\xampp\htdocs\manajemen-karyawan\system\Boot.php(325): CodeIgniter\CodeIgniter->run()
#13 D:\xampp\htdocs\manajemen-karyawan\system\Boot.php(67): CodeIgniter\Boot::runCodeIgniter(Object(CodeIgniter\CodeIgniter))
#14 D:\xampp\htdocs\manajemen-karyawan\public\index.php(56): CodeIgniter\Boot::bootWeb(Object(Config\Paths))
#15 {main}
CRITICAL - 2025-01-05 15:43:54 --> CodeIgniter\Database\Exceptions\DatabaseException: Lock wait timeout exceeded; try restarting transaction
[Method: POST, Route: karyawan/uploadProfile/3]
in SYSTEMPATH\Database\BaseConnection.php on line 688.
 1 SYSTEMPATH\Database\BaseBuilder.php(2516): CodeIgniter\Database\BaseConnection->query('UPDATE `tbl_user` SET `picture` = :picture:
WHERE `tbl_user`.`id_user` IN :tbl_user.id_user:', [...], false)
 2 SYSTEMPATH\Model.php(461): CodeIgniter\Database\BaseBuilder->update()
 3 SYSTEMPATH\BaseModel.php(1028): CodeIgniter\Model->doUpdate([...], [...])
 4 SYSTEMPATH\Model.php(865): CodeIgniter\BaseModel->update([...], [...])
 5 APPPATH\Models\AdminModel.php(58): CodeIgniter\Model->update(3, [...])
 6 APPPATH\Controllers\Karyawan.php(152): App\Models\AdminModel->updateUser([...], 3)
 7 SYSTEMPATH\CodeIgniter.php(933): App\Controllers\Karyawan->uploadProfile('3')
 8 SYSTEMPATH\CodeIgniter.php(509): CodeIgniter\CodeIgniter->runController(Object(App\Controllers\Karyawan))
 9 SYSTEMPATH\CodeIgniter.php(355): CodeIgniter\CodeIgniter->handleRequest(null, Object(Config\Cache), false)
10 SYSTEMPATH\Boot.php(325): CodeIgniter\CodeIgniter->run()
11 SYSTEMPATH\Boot.php(67): CodeIgniter\Boot::runCodeIgniter(Object(CodeIgniter\CodeIgniter))
12 FCPATH\index.php(56): CodeIgniter\Boot::bootWeb(Object(Config\Paths))
CRITICAL - 2025-01-05 15:43:54 --> [Caused by] CodeIgniter\Database\Exceptions\DatabaseException: Lock wait timeout exceeded; try restarting transaction
in SYSTEMPATH\Database\MySQLi\Connection.php on line 317.
 1 SYSTEMPATH\Database\BaseConnection.php(734): CodeIgniter\Database\MySQLi\Connection->execute('UPDATE `tbl_user` SET `picture` = \'1736091783_29f901595ac30713e7f0.jpeg\'
WHERE `tbl_user`.`id_user` IN (3)')
 2 SYSTEMPATH\Database\BaseConnection.php(648): CodeIgniter\Database\BaseConnection->simpleQuery('UPDATE `tbl_user` SET `picture` = \'1736091783_29f901595ac30713e7f0.jpeg\'
WHERE `tbl_user`.`id_user` IN (3)')
 3 SYSTEMPATH\Database\BaseBuilder.php(2516): CodeIgniter\Database\BaseConnection->query('UPDATE `tbl_user` SET `picture` = :picture:
WHERE `tbl_user`.`id_user` IN :tbl_user.id_user:', [...], false)
 4 SYSTEMPATH\Model.php(461): CodeIgniter\Database\BaseBuilder->update()
 5 SYSTEMPATH\BaseModel.php(1028): CodeIgniter\Model->doUpdate([...], [...])
 6 SYSTEMPATH\Model.php(865): CodeIgniter\BaseModel->update([...], [...])
 7 APPPATH\Models\AdminModel.php(58): CodeIgniter\Model->update(3, [...])
 8 APPPATH\Controllers\Karyawan.php(152): App\Models\AdminModel->updateUser([...], 3)
 9 SYSTEMPATH\CodeIgniter.php(933): App\Controllers\Karyawan->uploadProfile('3')
10 SYSTEMPATH\CodeIgniter.php(509): CodeIgniter\CodeIgniter->runController(Object(App\Controllers\Karyawan))
11 SYSTEMPATH\CodeIgniter.php(355): CodeIgniter\CodeIgniter->handleRequest(null, Object(Config\Cache), false)
12 SYSTEMPATH\Boot.php(325): CodeIgniter\CodeIgniter->run()
13 SYSTEMPATH\Boot.php(67): CodeIgniter\Boot::runCodeIgniter(Object(CodeIgniter\CodeIgniter))
14 FCPATH\index.php(56): CodeIgniter\Boot::bootWeb(Object(Config\Paths))
CRITICAL - 2025-01-05 15:43:54 --> [Caused by] mysqli_sql_exception: Lock wait timeout exceeded; try restarting transaction
in SYSTEMPATH\Database\MySQLi\Connection.php on line 312.
 1 SYSTEMPATH\Database\MySQLi\Connection.php(312): mysqli->query('UPDATE `tbl_user` SET `picture` = \'1736091783_29f901595ac30713e7f0.jpeg\'
WHERE `tbl_user`.`id_user` IN (3)', 0)
 2 SYSTEMPATH\Database\BaseConnection.php(734): CodeIgniter\Database\MySQLi\Connection->execute('UPDATE `tbl_user` SET `picture` = \'1736091783_29f901595ac30713e7f0.jpeg\'
WHERE `tbl_user`.`id_user` IN (3)')
 3 SYSTEMPATH\Database\BaseConnection.php(648): CodeIgniter\Database\BaseConnection->simpleQuery('UPDATE `tbl_user` SET `picture` = \'1736091783_29f901595ac30713e7f0.jpeg\'
WHERE `tbl_user`.`id_user` IN (3)')
 4 SYSTEMPATH\Database\BaseBuilder.php(2516): CodeIgniter\Database\BaseConnection->query('UPDATE `tbl_user` SET `picture` = :picture:
WHERE `tbl_user`.`id_user` IN :tbl_user.id_user:', [...], false)
 5 SYSTEMPATH\Model.php(461): CodeIgniter\Database\BaseBuilder->update()
 6 SYSTEMPATH\BaseModel.php(1028): CodeIgniter\Model->doUpdate([...], [...])
 7 SYSTEMPATH\Model.php(865): CodeIgniter\BaseModel->update([...], [...])
 8 APPPATH\Models\AdminModel.php(58): CodeIgniter\Model->update(3, [...])
 9 APPPATH\Controllers\Karyawan.php(152): App\Models\AdminModel->updateUser([...], 3)
10 SYSTEMPATH\CodeIgniter.php(933): App\Controllers\Karyawan->uploadProfile('3')
11 SYSTEMPATH\CodeIgniter.php(509): CodeIgniter\CodeIgniter->runController(Object(App\Controllers\Karyawan))
12 SYSTEMPATH\CodeIgniter.php(355): CodeIgniter\CodeIgniter->handleRequest(null, Object(Config\Cache), false)
13 SYSTEMPATH\Boot.php(325): CodeIgniter\CodeIgniter->run()
14 SYSTEMPATH\Boot.php(67): CodeIgniter\Boot::runCodeIgniter(Object(CodeIgniter\CodeIgniter))
15 FCPATH\index.php(56): CodeIgniter\Boot::bootWeb(Object(Config\Paths))
CRITICAL - 2025-01-05 15:44:28 --> ErrorException: Maximum execution time of 120 seconds exceeded
[Method: POST, Route: karyawan/uploadProfile/3]
in SYSTEMPATH\Database\MySQLi\Connection.php on line 313.
 1 [internal function]: CodeIgniter\Debug\Exceptions->shutdownHandler()
INFO - 2025-01-05 15:44:45 --> Session: Class initialized using 'CodeIgniter\Session\Handlers\FileHandler' driver.
INFO - 2025-01-05 15:44:45 --> Session: Class initialized using 'CodeIgniter\Session\Handlers\FileHandler' driver.
INFO - 2025-01-05 15:44:52 --> Session: Class initialized using 'CodeIgniter\Session\Handlers\FileHandler' driver.
INFO - 2025-01-05 15:44:58 --> Session: Class initialized using 'CodeIgniter\Session\Handlers\FileHandler' driver.
INFO - 2025-01-05 15:44:58 --> Session: Class initialized using 'CodeIgniter\Session\Handlers\FileHandler' driver.
INFO - 2025-01-05 15:45:03 --> Session: Class initialized using 'CodeIgniter\Session\Handlers\FileHandler' driver.
INFO - 2025-01-05 15:45:12 --> Session: Class initialized using 'CodeIgniter\Session\Handlers\FileHandler' driver.
INFO - 2025-01-05 15:45:13 --> Session: Class initialized using 'CodeIgniter\Session\Handlers\FileHandler' driver.
INFO - 2025-01-05 15:45:26 --> Session: Class initialized using 'CodeIgniter\Session\Handlers\FileHandler' driver.
INFO - 2025-01-05 15:45:34 --> Session: Class initialized using 'CodeIgniter\Session\Handlers\FileHandler' driver.
INFO - 2025-01-05 15:45:34 --> Session: Class initialized using 'CodeIgniter\Session\Handlers\FileHandler' driver.
INFO - 2025-01-05 15:46:04 --> Session: Class initialized using 'CodeIgniter\Session\Handlers\FileHandler' driver.
INFO - 2025-01-05 15:46:06 --> Session: Class initialized using 'CodeIgniter\Session\Handlers\FileHandler' driver.
INFO - 2025-01-05 15:46:10 --> Session: Class initialized using 'CodeIgniter\Session\Handlers\FileHandler' driver.
INFO - 2025-01-05 15:46:11 --> Session: Class initialized using 'CodeIgniter\Session\Handlers\FileHandler' driver.
INFO - 2025-01-05 15:46:25 --> Session: Class initialized using 'CodeIgniter\Session\Handlers\FileHandler' driver.
INFO - 2025-01-05 16:13:29 --> Session: Class initialized using 'CodeIgniter\Session\Handlers\FileHandler' driver.
INFO - 2025-01-05 16:13:30 --> Session: Class initialized using 'CodeIgniter\Session\Handlers\FileHandler' driver.
INFO - 2025-01-05 16:13:34 --> Session: Class initialized using 'CodeIgniter\Session\Handlers\FileHandler' driver.
INFO - 2025-01-05 16:13:34 --> Session: Class initialized using 'CodeIgniter\Session\Handlers\FileHandler' driver.
INFO - 2025-01-05 16:14:58 --> Session: Class initialized using 'CodeIgniter\Session\Handlers\FileHandler' driver.
INFO - 2025-01-05 16:15:02 --> Session: Class initialized using 'CodeIgniter\Session\Handlers\FileHandler' driver.
INFO - 2025-01-05 16:15:04 --> Session: Class initialized using 'CodeIgniter\Session\Handlers\FileHandler' driver.
INFO - 2025-01-05 16:15:09 --> Session: Class initialized using 'CodeIgniter\Session\Handlers\FileHandler' driver.
INFO - 2025-01-05 16:15:15 --> Session: Class initialized using 'CodeIgniter\Session\Handlers\FileHandler' driver.
CRITICAL - 2025-01-05 16:15:15 --> ErrorException: Undefined variable $data
[Method: GET, Route: supervisor/formCuti]
in APPPATH\Views\form\cuti.php on line 59.
 1 APPPATH\Views\form\cuti.php(59): CodeIgniter\Debug\Exceptions->errorHandler(2, 'Undefined variable $data', 'D:\\xampp\\htdocs\\manajemen-karyawan\\app\\Views\\form\\cuti.php', 59)
 2 SYSTEMPATH\View\View.php(234): include('D:\\xampp\\htdocs\\manajemen-karyawan\\app\\Views\\form\\cuti.php')
 3 SYSTEMPATH\View\View.php(237): CodeIgniter\View\View->CodeIgniter\View\{closure}()
 4 SYSTEMPATH\Common.php(1171): CodeIgniter\View\View->render('form/cuti', [], true)
 5 APPPATH\Controllers\Supervisor.php(77): view('form/cuti', [...])
 6 SYSTEMPATH\CodeIgniter.php(933): App\Controllers\Supervisor->formCuti()
 7 SYSTEMPATH\CodeIgniter.php(509): CodeIgniter\CodeIgniter->runController(Object(App\Controllers\Supervisor))
 8 SYSTEMPATH\CodeIgniter.php(355): CodeIgniter\CodeIgniter->handleRequest(null, Object(Config\Cache), false)
 9 SYSTEMPATH\Boot.php(325): CodeIgniter\CodeIgniter->run()
10 SYSTEMPATH\Boot.php(67): CodeIgniter\Boot::runCodeIgniter(Object(CodeIgniter\CodeIgniter))
11 FCPATH\index.php(56): CodeIgniter\Boot::bootWeb(Object(Config\Paths))
INFO - 2025-01-05 16:15:20 --> Session: Class initialized using 'CodeIgniter\Session\Handlers\FileHandler' driver.
INFO - 2025-01-05 16:15:27 --> Session: Class initialized using 'CodeIgniter\Session\Handlers\FileHandler' driver.
INFO - 2025-01-05 16:15:27 --> Session: Class initialized using 'CodeIgniter\Session\Handlers\FileHandler' driver.
INFO - 2025-01-05 16:15:32 --> Session: Class initialized using 'CodeIgniter\Session\Handlers\FileHandler' driver.
INFO - 2025-01-05 16:15:32 --> Session: Class initialized using 'CodeIgniter\Session\Handlers\FileHandler' driver.
INFO - 2025-01-05 16:15:35 --> Session: Class initialized using 'CodeIgniter\Session\Handlers\FileHandler' driver.
INFO - 2025-01-05 16:15:36 --> Session: Class initialized using 'CodeIgniter\Session\Handlers\FileHandler' driver.
INFO - 2025-01-05 16:15:41 --> Session: Class initialized using 'CodeIgniter\Session\Handlers\FileHandler' driver.
INFO - 2025-01-05 16:15:42 --> Session: Class initialized using 'CodeIgniter\Session\Handlers\FileHandler' driver.
INFO - 2025-01-05 16:15:44 --> Session: Class initialized using 'CodeIgniter\Session\Handlers\FileHandler' driver.
INFO - 2025-01-05 16:15:46 --> Session: Class initialized using 'CodeIgniter\Session\Handlers\FileHandler' driver.
INFO - 2025-01-05 16:17:00 --> Session: Class initialized using 'CodeIgniter\Session\Handlers\FileHandler' driver.
INFO - 2025-01-05 16:17:06 --> Session: Class initialized using 'CodeIgniter\Session\Handlers\FileHandler' driver.
INFO - 2025-01-05 16:17:08 --> Session: Class initialized using 'CodeIgniter\Session\Handlers\FileHandler' driver.
CRITICAL - 2025-01-05 16:17:08 --> ErrorException: Undefined variable $data
[Method: GET, Route: karyawan/formCuti]
in APPPATH\Views\form\cuti.php on line 59.
 1 APPPATH\Views\form\cuti.php(59): CodeIgniter\Debug\Exceptions->errorHandler(2, 'Undefined variable $data', 'D:\\xampp\\htdocs\\manajemen-karyawan\\app\\Views\\form\\cuti.php', 59)
 2 SYSTEMPATH\View\View.php(234): include('D:\\xampp\\htdocs\\manajemen-karyawan\\app\\Views\\form\\cuti.php')
 3 SYSTEMPATH\View\View.php(237): CodeIgniter\View\View->CodeIgniter\View\{closure}()
 4 SYSTEMPATH\Common.php(1171): CodeIgniter\View\View->render('form/cuti', [], true)
 5 APPPATH\Controllers\Karyawan.php(198): view('form/cuti', [...])
 6 SYSTEMPATH\CodeIgniter.php(933): App\Controllers\Karyawan->formCuti()
 7 SYSTEMPATH\CodeIgniter.php(509): CodeIgniter\CodeIgniter->runController(Object(App\Controllers\Karyawan))
 8 SYSTEMPATH\CodeIgniter.php(355): CodeIgniter\CodeIgniter->handleRequest(null, Object(Config\Cache), false)
 9 SYSTEMPATH\Boot.php(325): CodeIgniter\CodeIgniter->run()
10 SYSTEMPATH\Boot.php(67): CodeIgniter\Boot::runCodeIgniter(Object(CodeIgniter\CodeIgniter))
11 FCPATH\index.php(56): CodeIgniter\Boot::bootWeb(Object(Config\Paths))
INFO - 2025-01-05 16:20:15 --> Session: Class initialized using 'CodeIgniter\Session\Handlers\FileHandler' driver.
CRITICAL - 2025-01-05 16:20:16 --> ErrorException: Undefined array key "type"
[Method: GET, Route: karyawan/formCuti]
in APPPATH\Views\form\cuti.php on line 59.
 1 APPPATH\Views\form\cuti.php(59): CodeIgniter\Debug\Exceptions->errorHandler(2, 'Undefined array key "type"', 'D:\\xampp\\htdocs\\manajemen-karyawan\\app\\Views\\form\\cuti.php', 59)
 2 SYSTEMPATH\View\View.php(234): include('D:\\xampp\\htdocs\\manajemen-karyawan\\app\\Views\\form\\cuti.php')
 3 SYSTEMPATH\View\View.php(237): CodeIgniter\View\View->CodeIgniter\View\{closure}()
 4 SYSTEMPATH\Common.php(1171): CodeIgniter\View\View->render('form/cuti', [], true)
 5 APPPATH\Controllers\Karyawan.php(199): view('form/cuti', [...])
 6 SYSTEMPATH\CodeIgniter.php(933): App\Controllers\Karyawan->formCuti()
 7 SYSTEMPATH\CodeIgniter.php(509): CodeIgniter\CodeIgniter->runController(Object(App\Controllers\Karyawan))
 8 SYSTEMPATH\CodeIgniter.php(355): CodeIgniter\CodeIgniter->handleRequest(null, Object(Config\Cache), false)
 9 SYSTEMPATH\Boot.php(325): CodeIgniter\CodeIgniter->run()
10 SYSTEMPATH\Boot.php(67): CodeIgniter\Boot::runCodeIgniter(Object(CodeIgniter\CodeIgniter))
11 FCPATH\index.php(56): CodeIgniter\Boot::bootWeb(Object(Config\Paths))
INFO - 2025-01-05 16:21:20 --> Session: Class initialized using 'CodeIgniter\Session\Handlers\FileHandler' driver.
CRITICAL - 2025-01-05 16:21:20 --> ErrorException: Undefined array key "date_from"
[Method: GET, Route: karyawan/formCuti]
in APPPATH\Views\form\cuti.php on line 84.
 1 APPPATH\Views\form\cuti.php(84): CodeIgniter\Debug\Exceptions->errorHandler(2, 'Undefined array key "date_from"', 'D:\\xampp\\htdocs\\manajemen-karyawan\\app\\Views\\form\\cuti.php', 84)
 2 SYSTEMPATH\View\View.php(234): include('D:\\xampp\\htdocs\\manajemen-karyawan\\app\\Views\\form\\cuti.php')
 3 SYSTEMPATH\View\View.php(237): CodeIgniter\View\View->CodeIgniter\View\{closure}()
 4 SYSTEMPATH\Common.php(1171): CodeIgniter\View\View->render('form/cuti', [], true)
 5 APPPATH\Controllers\Karyawan.php(199): view('form/cuti', [...])
 6 SYSTEMPATH\CodeIgniter.php(933): App\Controllers\Karyawan->formCuti()
 7 SYSTEMPATH\CodeIgniter.php(509): CodeIgniter\CodeIgniter->runController(Object(App\Controllers\Karyawan))
 8 SYSTEMPATH\CodeIgniter.php(355): CodeIgniter\CodeIgniter->handleRequest(null, Object(Config\Cache), false)
 9 SYSTEMPATH\Boot.php(325): CodeIgniter\CodeIgniter->run()
10 SYSTEMPATH\Boot.php(67): CodeIgniter\Boot::runCodeIgniter(Object(CodeIgniter\CodeIgniter))
11 FCPATH\index.php(56): CodeIgniter\Boot::bootWeb(Object(Config\Paths))
INFO - 2025-01-05 16:21:48 --> Session: Class initialized using 'CodeIgniter\Session\Handlers\FileHandler' driver.
INFO - 2025-01-05 16:21:54 --> Session: Class initialized using 'CodeIgniter\Session\Handlers\FileHandler' driver.
INFO - 2025-01-05 16:21:55 --> Session: Class initialized using 'CodeIgniter\Session\Handlers\FileHandler' driver.
INFO - 2025-01-05 16:21:57 --> Session: Class initialized using 'CodeIgniter\Session\Handlers\FileHandler' driver.
INFO - 2025-01-05 16:21:59 --> Session: Class initialized using 'CodeIgniter\Session\Handlers\FileHandler' driver.
INFO - 2025-01-05 16:22:24 --> Session: Class initialized using 'CodeIgniter\Session\Handlers\FileHandler' driver.
INFO - 2025-01-05 16:22:27 --> Session: Class initialized using 'CodeIgniter\Session\Handlers\FileHandler' driver.
INFO - 2025-01-05 16:22:37 --> Session: Class initialized using 'CodeIgniter\Session\Handlers\FileHandler' driver.
INFO - 2025-01-05 16:22:37 --> Session: Class initialized using 'CodeIgniter\Session\Handlers\FileHandler' driver.
INFO - 2025-01-05 16:22:43 --> Session: Class initialized using 'CodeIgniter\Session\Handlers\FileHandler' driver.
INFO - 2025-01-05 16:22:43 --> Session: Class initialized using 'CodeIgniter\Session\Handlers\FileHandler' driver.
INFO - 2025-01-05 16:22:46 --> Session: Class initialized using 'CodeIgniter\Session\Handlers\FileHandler' driver.
INFO - 2025-01-05 16:22:47 --> Session: Class initialized using 'CodeIgniter\Session\Handlers\FileHandler' driver.
CRITICAL - 2025-01-05 16:22:47 --> ErrorException: Undefined variable $cuti
[Method: GET, Route: supervisor/formCuti]
in APPPATH\Views\form\cuti.php on line 103.
 1 APPPATH\Views\form\cuti.php(103): CodeIgniter\Debug\Exceptions->errorHandler(2, 'Undefined variable $cuti', 'D:\\xampp\\htdocs\\manajemen-karyawan\\app\\Views\\form\\cuti.php', 103)
 2 SYSTEMPATH\View\View.php(234): include('D:\\xampp\\htdocs\\manajemen-karyawan\\app\\Views\\form\\cuti.php')
 3 SYSTEMPATH\View\View.php(237): CodeIgniter\View\View->CodeIgniter\View\{closure}()
 4 SYSTEMPATH\Common.php(1171): CodeIgniter\View\View->render('form/cuti', [], true)
 5 APPPATH\Controllers\Supervisor.php(77): view('form/cuti', [...])
 6 SYSTEMPATH\CodeIgniter.php(933): App\Controllers\Supervisor->formCuti()
 7 SYSTEMPATH\CodeIgniter.php(509): CodeIgniter\CodeIgniter->runController(Object(App\Controllers\Supervisor))
 8 SYSTEMPATH\CodeIgniter.php(355): CodeIgniter\CodeIgniter->handleRequest(null, Object(Config\Cache), false)
 9 SYSTEMPATH\Boot.php(325): CodeIgniter\CodeIgniter->run()
10 SYSTEMPATH\Boot.php(67): CodeIgniter\Boot::runCodeIgniter(Object(CodeIgniter\CodeIgniter))
11 FCPATH\index.php(56): CodeIgniter\Boot::bootWeb(Object(Config\Paths))
INFO - 2025-01-05 16:23:23 --> Session: Class initialized using 'CodeIgniter\Session\Handlers\FileHandler' driver.
INFO - 2025-01-05 16:23:25 --> Session: Class initialized using 'CodeIgniter\Session\Handlers\FileHandler' driver.
CRITICAL - 2025-01-05 16:23:25 --> ErrorException: Undefined variable $cuti
[Method: GET, Route: supervisor/formCuti]
in APPPATH\Views\form\cuti.php on line 103.
 1 APPPATH\Views\form\cuti.php(103): CodeIgniter\Debug\Exceptions->errorHandler(2, 'Undefined variable $cuti', 'D:\\xampp\\htdocs\\manajemen-karyawan\\app\\Views\\form\\cuti.php', 103)
 2 SYSTEMPATH\View\View.php(234): include('D:\\xampp\\htdocs\\manajemen-karyawan\\app\\Views\\form\\cuti.php')
 3 SYSTEMPATH\View\View.php(237): CodeIgniter\View\View->CodeIgniter\View\{closure}()
 4 SYSTEMPATH\Common.php(1171): CodeIgniter\View\View->render('form/cuti', [], true)
 5 APPPATH\Controllers\Supervisor.php(77): view('form/cuti', [...])
 6 SYSTEMPATH\CodeIgniter.php(933): App\Controllers\Supervisor->formCuti()
 7 SYSTEMPATH\CodeIgniter.php(509): CodeIgniter\CodeIgniter->runController(Object(App\Controllers\Supervisor))
 8 SYSTEMPATH\CodeIgniter.php(355): CodeIgniter\CodeIgniter->handleRequest(null, Object(Config\Cache), false)
 9 SYSTEMPATH\Boot.php(325): CodeIgniter\CodeIgniter->run()
10 SYSTEMPATH\Boot.php(67): CodeIgniter\Boot::runCodeIgniter(Object(CodeIgniter\CodeIgniter))
11 FCPATH\index.php(56): CodeIgniter\Boot::bootWeb(Object(Config\Paths))
INFO - 2025-01-05 16:23:53 --> Session: Class initialized using 'CodeIgniter\Session\Handlers\FileHandler' driver.
INFO - 2025-01-05 16:24:54 --> Session: Class initialized using 'CodeIgniter\Session\Handlers\FileHandler' driver.
INFO - 2025-01-05 16:24:56 --> Session: Class initialized using 'CodeIgniter\Session\Handlers\FileHandler' driver.
INFO - 2025-01-05 16:26:43 --> Session: Class initialized using 'CodeIgniter\Session\Handlers\FileHandler' driver.
INFO - 2025-01-05 16:26:51 --> Session: Class initialized using 'CodeIgniter\Session\Handlers\FileHandler' driver.
INFO - 2025-01-05 16:27:14 --> Session: Class initialized using 'CodeIgniter\Session\Handlers\FileHandler' driver.
ERROR - 2025-01-05 16:27:14 --> mysqli_sql_exception: Column 'date_until' cannot be null in D:\xampp\htdocs\manajemen-karyawan\system\Database\MySQLi\Connection.php:312
Stack trace:
#0 D:\xampp\htdocs\manajemen-karyawan\system\Database\MySQLi\Connection.php(312): mysqli->query('INSERT INTO `tb...', 0)
#1 D:\xampp\htdocs\manajemen-karyawan\system\Database\BaseConnection.php(734): CodeIgniter\Database\MySQLi\Connection->execute('INSERT INTO `tb...')
#2 D:\xampp\htdocs\manajemen-karyawan\system\Database\BaseConnection.php(648): CodeIgniter\Database\BaseConnection->simpleQuery('INSERT INTO `tb...')
#3 D:\xampp\htdocs\manajemen-karyawan\system\Database\BaseBuilder.php(2340): CodeIgniter\Database\BaseConnection->query('INSERT INTO `tb...', Array, false)
#4 D:\xampp\htdocs\manajemen-karyawan\system\Model.php(394): CodeIgniter\Database\BaseBuilder->insert()
#5 D:\xampp\htdocs\manajemen-karyawan\system\BaseModel.php(840): CodeIgniter\Model->doInsert(Array)
#6 D:\xampp\htdocs\manajemen-karyawan\system\Model.php(802): CodeIgniter\BaseModel->insert(Array, true)
#7 D:\xampp\htdocs\manajemen-karyawan\app\Models\TimeslipModel.php(22): CodeIgniter\Model->insert(Array)
#8 D:\xampp\htdocs\manajemen-karyawan\app\Controllers\Supervisor.php(217): App\Models\TimeslipModel->saveTimeslip(Array)
#9 D:\xampp\htdocs\manajemen-karyawan\system\CodeIgniter.php(933): App\Controllers\Supervisor->addTimeslip()
#10 D:\xampp\htdocs\manajemen-karyawan\system\CodeIgniter.php(509): CodeIgniter\CodeIgniter->runController(Object(App\Controllers\Supervisor))
#11 D:\xampp\htdocs\manajemen-karyawan\system\CodeIgniter.php(355): CodeIgniter\CodeIgniter->handleRequest(NULL, Object(Config\Cache), false)
#12 D:\xampp\htdocs\manajemen-karyawan\system\Boot.php(325): CodeIgniter\CodeIgniter->run()
#13 D:\xampp\htdocs\manajemen-karyawan\system\Boot.php(67): CodeIgniter\Boot::runCodeIgniter(Object(CodeIgniter\CodeIgniter))
#14 D:\xampp\htdocs\manajemen-karyawan\public\index.php(56): CodeIgniter\Boot::bootWeb(Object(Config\Paths))
#15 {main}
CRITICAL - 2025-01-05 16:27:14 --> CodeIgniter\Database\Exceptions\DatabaseException: Column 'date_until' cannot be null
[Method: POST, Route: supervisor/addTimeslip]
in SYSTEMPATH\Database\BaseConnection.php on line 688.
 1 SYSTEMPATH\Database\BaseBuilder.php(2340): CodeIgniter\Database\BaseConnection->query('INSERT INTO `tbl_timeslip` (`keterangan`, `date_from`, `date_until`, `jam_mulai`, `jam_selesai`, `type`, `id_user`, `status`) VALUES (:keterangan:, :date_from:, :date_until:, :jam_mulai:, :jam_selesai:, :type:, :id_user:, :status:)', [...], false)
 2 SYSTEMPATH\Model.php(394): CodeIgniter\Database\BaseBuilder->insert()
 3 SYSTEMPATH\BaseModel.php(840): CodeIgniter\Model->doInsert([...])
 4 SYSTEMPATH\Model.php(802): CodeIgniter\BaseModel->insert([...], true)
 5 APPPATH\Models\TimeslipModel.php(22): CodeIgniter\Model->insert([...])
 6 APPPATH\Controllers\Supervisor.php(217): App\Models\TimeslipModel->saveTimeslip([...])
 7 SYSTEMPATH\CodeIgniter.php(933): App\Controllers\Supervisor->addTimeslip()
 8 SYSTEMPATH\CodeIgniter.php(509): CodeIgniter\CodeIgniter->runController(Object(App\Controllers\Supervisor))
 9 SYSTEMPATH\CodeIgniter.php(355): CodeIgniter\CodeIgniter->handleRequest(null, Object(Config\Cache), false)
10 SYSTEMPATH\Boot.php(325): CodeIgniter\CodeIgniter->run()
11 SYSTEMPATH\Boot.php(67): CodeIgniter\Boot::runCodeIgniter(Object(CodeIgniter\CodeIgniter))
12 FCPATH\index.php(56): CodeIgniter\Boot::bootWeb(Object(Config\Paths))
CRITICAL - 2025-01-05 16:27:14 --> [Caused by] CodeIgniter\Database\Exceptions\DatabaseException: Column 'date_until' cannot be null
in SYSTEMPATH\Database\MySQLi\Connection.php on line 317.
 1 SYSTEMPATH\Database\BaseConnection.php(734): CodeIgniter\Database\MySQLi\Connection->execute('INSERT INTO `tbl_timeslip` (`keterangan`, `date_from`, `date_until`, `jam_mulai`, `jam_selesai`, `type`, `id_user`, `status`) VALUES (\'Tugas Perusahaan\', \'2025-01-05\', NULL, \'\', \'02:30\', \'Datang terlambat\', \'2\', \'Supervisor\')')
 2 SYSTEMPATH\Database\BaseConnection.php(648): CodeIgniter\Database\BaseConnection->simpleQuery('INSERT INTO `tbl_timeslip` (`keterangan`, `date_from`, `date_until`, `jam_mulai`, `jam_selesai`, `type`, `id_user`, `status`) VALUES (\'Tugas Perusahaan\', \'2025-01-05\', NULL, \'\', \'02:30\', \'Datang terlambat\', \'2\', \'Supervisor\')')
 3 SYSTEMPATH\Database\BaseBuilder.php(2340): CodeIgniter\Database\BaseConnection->query('INSERT INTO `tbl_timeslip` (`keterangan`, `date_from`, `date_until`, `jam_mulai`, `jam_selesai`, `type`, `id_user`, `status`) VALUES (:keterangan:, :date_from:, :date_until:, :jam_mulai:, :jam_selesai:, :type:, :id_user:, :status:)', [...], false)
 4 SYSTEMPATH\Model.php(394): CodeIgniter\Database\BaseBuilder->insert()
 5 SYSTEMPATH\BaseModel.php(840): CodeIgniter\Model->doInsert([...])
 6 SYSTEMPATH\Model.php(802): CodeIgniter\BaseModel->insert([...], true)
 7 APPPATH\Models\TimeslipModel.php(22): CodeIgniter\Model->insert([...])
 8 APPPATH\Controllers\Supervisor.php(217): App\Models\TimeslipModel->saveTimeslip([...])
 9 SYSTEMPATH\CodeIgniter.php(933): App\Controllers\Supervisor->addTimeslip()
10 SYSTEMPATH\CodeIgniter.php(509): CodeIgniter\CodeIgniter->runController(Object(App\Controllers\Supervisor))
11 SYSTEMPATH\CodeIgniter.php(355): CodeIgniter\CodeIgniter->handleRequest(null, Object(Config\Cache), false)
12 SYSTEMPATH\Boot.php(325): CodeIgniter\CodeIgniter->run()
13 SYSTEMPATH\Boot.php(67): CodeIgniter\Boot::runCodeIgniter(Object(CodeIgniter\CodeIgniter))
14 FCPATH\index.php(56): CodeIgniter\Boot::bootWeb(Object(Config\Paths))
CRITICAL - 2025-01-05 16:27:14 --> [Caused by] mysqli_sql_exception: Column 'date_until' cannot be null
in SYSTEMPATH\Database\MySQLi\Connection.php on line 312.
 1 SYSTEMPATH\Database\MySQLi\Connection.php(312): mysqli->query('INSERT INTO `tbl_timeslip` (`keterangan`, `date_from`, `date_until`, `jam_mulai`, `jam_selesai`, `type`, `id_user`, `status`) VALUES (\'Tugas Perusahaan\', \'2025-01-05\', NULL, \'\', \'02:30\', \'Datang terlambat\', \'2\', \'Supervisor\')', 0)
 2 SYSTEMPATH\Database\BaseConnection.php(734): CodeIgniter\Database\MySQLi\Connection->execute('INSERT INTO `tbl_timeslip` (`keterangan`, `date_from`, `date_until`, `jam_mulai`, `jam_selesai`, `type`, `id_user`, `status`) VALUES (\'Tugas Perusahaan\', \'2025-01-05\', NULL, \'\', \'02:30\', \'Datang terlambat\', \'2\', \'Supervisor\')')
 3 SYSTEMPATH\Database\BaseConnection.php(648): CodeIgniter\Database\BaseConnection->simpleQuery('INSERT INTO `tbl_timeslip` (`keterangan`, `date_from`, `date_until`, `jam_mulai`, `jam_selesai`, `type`, `id_user`, `status`) VALUES (\'Tugas Perusahaan\', \'2025-01-05\', NULL, \'\', \'02:30\', \'Datang terlambat\', \'2\', \'Supervisor\')')
 4 SYSTEMPATH\Database\BaseBuilder.php(2340): CodeIgniter\Database\BaseConnection->query('INSERT INTO `tbl_timeslip` (`keterangan`, `date_from`, `date_until`, `jam_mulai`, `jam_selesai`, `type`, `id_user`, `status`) VALUES (:keterangan:, :date_from:, :date_until:, :jam_mulai:, :jam_selesai:, :type:, :id_user:, :status:)', [...], false)
 5 SYSTEMPATH\Model.php(394): CodeIgniter\Database\BaseBuilder->insert()
 6 SYSTEMPATH\BaseModel.php(840): CodeIgniter\Model->doInsert([...])
 7 SYSTEMPATH\Model.php(802): CodeIgniter\BaseModel->insert([...], true)
 8 APPPATH\Models\TimeslipModel.php(22): CodeIgniter\Model->insert([...])
 9 APPPATH\Controllers\Supervisor.php(217): App\Models\TimeslipModel->saveTimeslip([...])
10 SYSTEMPATH\CodeIgniter.php(933): App\Controllers\Supervisor->addTimeslip()
11 SYSTEMPATH\CodeIgniter.php(509): CodeIgniter\CodeIgniter->runController(Object(App\Controllers\Supervisor))
12 SYSTEMPATH\CodeIgniter.php(355): CodeIgniter\CodeIgniter->handleRequest(null, Object(Config\Cache), false)
13 SYSTEMPATH\Boot.php(325): CodeIgniter\CodeIgniter->run()
14 SYSTEMPATH\Boot.php(67): CodeIgniter\Boot::runCodeIgniter(Object(CodeIgniter\CodeIgniter))
15 FCPATH\index.php(56): CodeIgniter\Boot::bootWeb(Object(Config\Paths))
INFO - 2025-01-05 16:27:41 --> Session: Class initialized using 'CodeIgniter\Session\Handlers\FileHandler' driver.
INFO - 2025-01-05 16:28:06 --> Session: Class initialized using 'CodeIgniter\Session\Handlers\FileHandler' driver.
INFO - 2025-01-05 16:28:13 --> Session: Class initialized using 'CodeIgniter\Session\Handlers\FileHandler' driver.
INFO - 2025-01-05 16:29:02 --> Session: Class initialized using 'CodeIgniter\Session\Handlers\FileHandler' driver.
INFO - 2025-01-05 16:29:12 --> Session: Class initialized using 'CodeIgniter\Session\Handlers\FileHandler' driver.
INFO - 2025-01-05 16:29:12 --> Session: Class initialized using 'CodeIgniter\Session\Handlers\FileHandler' driver.
INFO - 2025-01-05 16:29:26 --> Session: Class initialized using 'CodeIgniter\Session\Handlers\FileHandler' driver.
INFO - 2025-01-05 16:29:40 --> Session: Class initialized using 'CodeIgniter\Session\Handlers\FileHandler' driver.
INFO - 2025-01-05 16:29:40 --> Session: Class initialized using 'CodeIgniter\Session\Handlers\FileHandler' driver.
INFO - 2025-01-05 16:30:13 --> Session: Class initialized using 'CodeIgniter\Session\Handlers\FileHandler' driver.
INFO - 2025-01-05 16:30:14 --> Session: Class initialized using 'CodeIgniter\Session\Handlers\FileHandler' driver.
INFO - 2025-01-05 16:30:19 --> Session: Class initialized using 'CodeIgniter\Session\Handlers\FileHandler' driver.
INFO - 2025-01-05 16:30:19 --> Session: Class initialized using 'CodeIgniter\Session\Handlers\FileHandler' driver.
INFO - 2025-01-05 16:30:24 --> Session: Class initialized using 'CodeIgniter\Session\Handlers\FileHandler' driver.
INFO - 2025-01-05 16:30:24 --> Session: Class initialized using 'CodeIgniter\Session\Handlers\FileHandler' driver.
INFO - 2025-01-05 16:30:27 --> Session: Class initialized using 'CodeIgniter\Session\Handlers\FileHandler' driver.
INFO - 2025-01-05 16:30:28 --> Session: Class initialized using 'CodeIgniter\Session\Handlers\FileHandler' driver.
INFO - 2025-01-05 16:30:30 --> Session: Class initialized using 'CodeIgniter\Session\Handlers\FileHandler' driver.
INFO - 2025-01-05 16:30:31 --> Session: Class initialized using 'CodeIgniter\Session\Handlers\FileHandler' driver.
INFO - 2025-01-05 16:30:45 --> Session: Class initialized using 'CodeIgniter\Session\Handlers\FileHandler' driver.
ERROR - 2025-01-05 16:30:45 --> mysqli_sql_exception: Column 'date_until' cannot be null in D:\xampp\htdocs\manajemen-karyawan\system\Database\MySQLi\Connection.php:312
Stack trace:
#0 D:\xampp\htdocs\manajemen-karyawan\system\Database\MySQLi\Connection.php(312): mysqli->query('INSERT INTO `tb...', 0)
#1 D:\xampp\htdocs\manajemen-karyawan\system\Database\BaseConnection.php(734): CodeIgniter\Database\MySQLi\Connection->execute('INSERT INTO `tb...')
#2 D:\xampp\htdocs\manajemen-karyawan\system\Database\BaseConnection.php(648): CodeIgniter\Database\BaseConnection->simpleQuery('INSERT INTO `tb...')
#3 D:\xampp\htdocs\manajemen-karyawan\system\Database\BaseBuilder.php(2340): CodeIgniter\Database\BaseConnection->query('INSERT INTO `tb...', Array, false)
#4 D:\xampp\htdocs\manajemen-karyawan\system\Model.php(394): CodeIgniter\Database\BaseBuilder->insert()
#5 D:\xampp\htdocs\manajemen-karyawan\system\BaseModel.php(840): CodeIgniter\Model->doInsert(Array)
#6 D:\xampp\htdocs\manajemen-karyawan\system\Model.php(802): CodeIgniter\BaseModel->insert(Array, true)
#7 D:\xampp\htdocs\manajemen-karyawan\app\Models\TimeslipModel.php(22): CodeIgniter\Model->insert(Array)
#8 D:\xampp\htdocs\manajemen-karyawan\app\Controllers\Karyawan.php(325): App\Models\TimeslipModel->saveTimeslip(Array)
#9 D:\xampp\htdocs\manajemen-karyawan\system\CodeIgniter.php(933): App\Controllers\Karyawan->addTimeslip()
#10 D:\xampp\htdocs\manajemen-karyawan\system\CodeIgniter.php(509): CodeIgniter\CodeIgniter->runController(Object(App\Controllers\Karyawan))
#11 D:\xampp\htdocs\manajemen-karyawan\system\CodeIgniter.php(355): CodeIgniter\CodeIgniter->handleRequest(NULL, Object(Config\Cache), false)
#12 D:\xampp\htdocs\manajemen-karyawan\system\Boot.php(325): CodeIgniter\CodeIgniter->run()
#13 D:\xampp\htdocs\manajemen-karyawan\system\Boot.php(67): CodeIgniter\Boot::runCodeIgniter(Object(CodeIgniter\CodeIgniter))
#14 D:\xampp\htdocs\manajemen-karyawan\public\index.php(56): CodeIgniter\Boot::bootWeb(Object(Config\Paths))
#15 {main}
CRITICAL - 2025-01-05 16:30:45 --> CodeIgniter\Database\Exceptions\DatabaseException: Column 'date_until' cannot be null
[Method: POST, Route: karyawan/addTimeslip]
in SYSTEMPATH\Database\BaseConnection.php on line 688.
 1 SYSTEMPATH\Database\BaseBuilder.php(2340): CodeIgniter\Database\BaseConnection->query('INSERT INTO `tbl_timeslip` (`keterangan`, `date_from`, `date_until`, `jam_mulai`, `jam_selesai`, `type`, `id_user`, `status`) VALUES (:keterangan:, :date_from:, :date_until:, :jam_mulai:, :jam_selesai:, :type:, :id_user:, :status:)', [...], false)
 2 SYSTEMPATH\Model.php(394): CodeIgniter\Database\BaseBuilder->insert()
 3 SYSTEMPATH\BaseModel.php(840): CodeIgniter\Model->doInsert([...])
 4 SYSTEMPATH\Model.php(802): CodeIgniter\BaseModel->insert([...], true)
 5 APPPATH\Models\TimeslipModel.php(22): CodeIgniter\Model->insert([...])
 6 APPPATH\Controllers\Karyawan.php(325): App\Models\TimeslipModel->saveTimeslip([...])
 7 SYSTEMPATH\CodeIgniter.php(933): App\Controllers\Karyawan->addTimeslip()
 8 SYSTEMPATH\CodeIgniter.php(509): CodeIgniter\CodeIgniter->runController(Object(App\Controllers\Karyawan))
 9 SYSTEMPATH\CodeIgniter.php(355): CodeIgniter\CodeIgniter->handleRequest(null, Object(Config\Cache), false)
10 SYSTEMPATH\Boot.php(325): CodeIgniter\CodeIgniter->run()
11 SYSTEMPATH\Boot.php(67): CodeIgniter\Boot::runCodeIgniter(Object(CodeIgniter\CodeIgniter))
12 FCPATH\index.php(56): CodeIgniter\Boot::bootWeb(Object(Config\Paths))
CRITICAL - 2025-01-05 16:30:45 --> [Caused by] CodeIgniter\Database\Exceptions\DatabaseException: Column 'date_until' cannot be null
in SYSTEMPATH\Database\MySQLi\Connection.php on line 317.
 1 SYSTEMPATH\Database\BaseConnection.php(734): CodeIgniter\Database\MySQLi\Connection->execute('INSERT INTO `tbl_timeslip` (`keterangan`, `date_from`, `date_until`, `jam_mulai`, `jam_selesai`, `type`, `id_user`, `status`) VALUES (\'Pengobatan\', \'2025-01-09\', NULL, \'23:30\', \'01:32\', \'Meninggalkan pabrik\', \'3\', \'Karyawan\')')
 2 SYSTEMPATH\Database\BaseConnection.php(648): CodeIgniter\Database\BaseConnection->simpleQuery('INSERT INTO `tbl_timeslip` (`keterangan`, `date_from`, `date_until`, `jam_mulai`, `jam_selesai`, `type`, `id_user`, `status`) VALUES (\'Pengobatan\', \'2025-01-09\', NULL, \'23:30\', \'01:32\', \'Meninggalkan pabrik\', \'3\', \'Karyawan\')')
 3 SYSTEMPATH\Database\BaseBuilder.php(2340): CodeIgniter\Database\BaseConnection->query('INSERT INTO `tbl_timeslip` (`keterangan`, `date_from`, `date_until`, `jam_mulai`, `jam_selesai`, `type`, `id_user`, `status`) VALUES (:keterangan:, :date_from:, :date_until:, :jam_mulai:, :jam_selesai:, :type:, :id_user:, :status:)', [...], false)
 4 SYSTEMPATH\Model.php(394): CodeIgniter\Database\BaseBuilder->insert()
 5 SYSTEMPATH\BaseModel.php(840): CodeIgniter\Model->doInsert([...])
 6 SYSTEMPATH\Model.php(802): CodeIgniter\BaseModel->insert([...], true)
 7 APPPATH\Models\TimeslipModel.php(22): CodeIgniter\Model->insert([...])
 8 APPPATH\Controllers\Karyawan.php(325): App\Models\TimeslipModel->saveTimeslip([...])
 9 SYSTEMPATH\CodeIgniter.php(933): App\Controllers\Karyawan->addTimeslip()
10 SYSTEMPATH\CodeIgniter.php(509): CodeIgniter\CodeIgniter->runController(Object(App\Controllers\Karyawan))
11 SYSTEMPATH\CodeIgniter.php(355): CodeIgniter\CodeIgniter->handleRequest(null, Object(Config\Cache), false)
12 SYSTEMPATH\Boot.php(325): CodeIgniter\CodeIgniter->run()
13 SYSTEMPATH\Boot.php(67): CodeIgniter\Boot::runCodeIgniter(Object(CodeIgniter\CodeIgniter))
14 FCPATH\index.php(56): CodeIgniter\Boot::bootWeb(Object(Config\Paths))
CRITICAL - 2025-01-05 16:30:45 --> [Caused by] mysqli_sql_exception: Column 'date_until' cannot be null
in SYSTEMPATH\Database\MySQLi\Connection.php on line 312.
 1 SYSTEMPATH\Database\MySQLi\Connection.php(312): mysqli->query('INSERT INTO `tbl_timeslip` (`keterangan`, `date_from`, `date_until`, `jam_mulai`, `jam_selesai`, `type`, `id_user`, `status`) VALUES (\'Pengobatan\', \'2025-01-09\', NULL, \'23:30\', \'01:32\', \'Meninggalkan pabrik\', \'3\', \'Karyawan\')', 0)
 2 SYSTEMPATH\Database\BaseConnection.php(734): CodeIgniter\Database\MySQLi\Connection->execute('INSERT INTO `tbl_timeslip` (`keterangan`, `date_from`, `date_until`, `jam_mulai`, `jam_selesai`, `type`, `id_user`, `status`) VALUES (\'Pengobatan\', \'2025-01-09\', NULL, \'23:30\', \'01:32\', \'Meninggalkan pabrik\', \'3\', \'Karyawan\')')
 3 SYSTEMPATH\Database\BaseConnection.php(648): CodeIgniter\Database\BaseConnection->simpleQuery('INSERT INTO `tbl_timeslip` (`keterangan`, `date_from`, `date_until`, `jam_mulai`, `jam_selesai`, `type`, `id_user`, `status`) VALUES (\'Pengobatan\', \'2025-01-09\', NULL, \'23:30\', \'01:32\', \'Meninggalkan pabrik\', \'3\', \'Karyawan\')')
 4 SYSTEMPATH\Database\BaseBuilder.php(2340): CodeIgniter\Database\BaseConnection->query('INSERT INTO `tbl_timeslip` (`keterangan`, `date_from`, `date_until`, `jam_mulai`, `jam_selesai`, `type`, `id_user`, `status`) VALUES (:keterangan:, :date_from:, :date_until:, :jam_mulai:, :jam_selesai:, :type:, :id_user:, :status:)', [...], false)
 5 SYSTEMPATH\Model.php(394): CodeIgniter\Database\BaseBuilder->insert()
 6 SYSTEMPATH\BaseModel.php(840): CodeIgniter\Model->doInsert([...])
 7 SYSTEMPATH\Model.php(802): CodeIgniter\BaseModel->insert([...], true)
 8 APPPATH\Models\TimeslipModel.php(22): CodeIgniter\Model->insert([...])
 9 APPPATH\Controllers\Karyawan.php(325): App\Models\TimeslipModel->saveTimeslip([...])
10 SYSTEMPATH\CodeIgniter.php(933): App\Controllers\Karyawan->addTimeslip()
11 SYSTEMPATH\CodeIgniter.php(509): CodeIgniter\CodeIgniter->runController(Object(App\Controllers\Karyawan))
12 SYSTEMPATH\CodeIgniter.php(355): CodeIgniter\CodeIgniter->handleRequest(null, Object(Config\Cache), false)
13 SYSTEMPATH\Boot.php(325): CodeIgniter\CodeIgniter->run()
14 SYSTEMPATH\Boot.php(67): CodeIgniter\Boot::runCodeIgniter(Object(CodeIgniter\CodeIgniter))
15 FCPATH\index.php(56): CodeIgniter\Boot::bootWeb(Object(Config\Paths))
INFO - 2025-01-05 16:31:04 --> Session: Class initialized using 'CodeIgniter\Session\Handlers\FileHandler' driver.
INFO - 2025-01-05 16:31:04 --> Session: Class initialized using 'CodeIgniter\Session\Handlers\FileHandler' driver.
INFO - 2025-01-05 16:31:37 --> Session: Class initialized using 'CodeIgniter\Session\Handlers\FileHandler' driver.
INFO - 2025-01-05 16:31:37 --> Session: Class initialized using 'CodeIgniter\Session\Handlers\FileHandler' driver.
INFO - 2025-01-05 16:31:40 --> Session: Class initialized using 'CodeIgniter\Session\Handlers\FileHandler' driver.
INFO - 2025-01-05 16:31:40 --> Session: Class initialized using 'CodeIgniter\Session\Handlers\FileHandler' driver.
INFO - 2025-01-05 16:31:44 --> Session: Class initialized using 'CodeIgniter\Session\Handlers\FileHandler' driver.
INFO - 2025-01-05 16:31:46 --> Session: Class initialized using 'CodeIgniter\Session\Handlers\FileHandler' driver.
CRITICAL - 2025-01-05 16:31:46 --> ErrorException: Undefined variable $picture
[Method: GET, Route: admin/openUser/1]
in APPPATH\Views\pages\user_detail.php on line 35.
 1 APPPATH\Views\pages\user_detail.php(35): CodeIgniter\Debug\Exceptions->errorHandler(2, 'Undefined variable $picture', 'D:\\xampp\\htdocs\\manajemen-karyawan\\app\\Views\\pages\\user_detail.php', 35)
 2 SYSTEMPATH\View\View.php(234): include('D:\\xampp\\htdocs\\manajemen-karyawan\\app\\Views\\pages\\user_detail.php')
 3 SYSTEMPATH\View\View.php(237): CodeIgniter\View\View->CodeIgniter\View\{closure}()
 4 SYSTEMPATH\Common.php(1171): CodeIgniter\View\View->render('pages/user_detail', [], true)
 5 APPPATH\Controllers\Admin.php(93): view('pages/user_detail', [...])
 6 SYSTEMPATH\CodeIgniter.php(933): App\Controllers\Admin->openUser('1')
 7 SYSTEMPATH\CodeIgniter.php(509): CodeIgniter\CodeIgniter->runController(Object(App\Controllers\Admin))
 8 SYSTEMPATH\CodeIgniter.php(355): CodeIgniter\CodeIgniter->handleRequest(null, Object(Config\Cache), false)
 9 SYSTEMPATH\Boot.php(325): CodeIgniter\CodeIgniter->run()
10 SYSTEMPATH\Boot.php(67): CodeIgniter\Boot::runCodeIgniter(Object(CodeIgniter\CodeIgniter))
11 FCPATH\index.php(56): CodeIgniter\Boot::bootWeb(Object(Config\Paths))
INFO - 2025-01-05 16:32:49 --> Session: Class initialized using 'CodeIgniter\Session\Handlers\FileHandler' driver.
INFO - 2025-01-05 16:32:59 --> Session: Class initialized using 'CodeIgniter\Session\Handlers\FileHandler' driver.
INFO - 2025-01-05 16:33:03 --> Session: Class initialized using 'CodeIgniter\Session\Handlers\FileHandler' driver.
INFO - 2025-01-05 16:33:06 --> Session: Class initialized using 'CodeIgniter\Session\Handlers\FileHandler' driver.
INFO - 2025-01-05 16:35:37 --> Session: Class initialized using 'CodeIgniter\Session\Handlers\FileHandler' driver.
INFO - 2025-01-05 16:35:37 --> Session: Class initialized using 'CodeIgniter\Session\Handlers\FileHandler' driver.
INFO - 2025-01-05 16:35:41 --> Session: Class initialized using 'CodeIgniter\Session\Handlers\FileHandler' driver.
INFO - 2025-01-05 16:35:41 --> Session: Class initialized using 'CodeIgniter\Session\Handlers\FileHandler' driver.
INFO - 2025-01-05 16:35:56 --> Session: Class initialized using 'CodeIgniter\Session\Handlers\FileHandler' driver.
INFO - 2025-01-05 16:36:17 --> Session: Class initialized using 'CodeIgniter\Session\Handlers\FileHandler' driver.
INFO - 2025-01-05 16:37:07 --> Session: Class initialized using 'CodeIgniter\Session\Handlers\FileHandler' driver.
INFO - 2025-01-05 16:37:54 --> Session: Class initialized using 'CodeIgniter\Session\Handlers\FileHandler' driver.
INFO - 2025-01-05 16:38:20 --> Session: Class initialized using 'CodeIgniter\Session\Handlers\FileHandler' driver.
INFO - 2025-01-05 16:38:22 --> Session: Class initialized using 'CodeIgniter\Session\Handlers\FileHandler' driver.
INFO - 2025-01-05 16:38:23 --> Session: Class initialized using 'CodeIgniter\Session\Handlers\FileHandler' driver.
INFO - 2025-01-05 16:38:24 --> Session: Class initialized using 'CodeIgniter\Session\Handlers\FileHandler' driver.
INFO - 2025-01-05 16:39:16 --> Session: Class initialized using 'CodeIgniter\Session\Handlers\FileHandler' driver.
INFO - 2025-01-05 16:39:16 --> Session: Class initialized using 'CodeIgniter\Session\Handlers\FileHandler' driver.
INFO - 2025-01-05 16:39:19 --> Session: Class initialized using 'CodeIgniter\Session\Handlers\FileHandler' driver.
INFO - 2025-01-05 16:39:20 --> Session: Class initialized using 'CodeIgniter\Session\Handlers\FileHandler' driver.
INFO - 2025-01-05 16:39:23 --> Session: Class initialized using 'CodeIgniter\Session\Handlers\FileHandler' driver.
INFO - 2025-01-05 16:39:31 --> Session: Class initialized using 'CodeIgniter\Session\Handlers\FileHandler' driver.
INFO - 2025-01-05 16:39:32 --> Session: Class initialized using 'CodeIgniter\Session\Handlers\FileHandler' driver.
INFO - 2025-01-05 16:39:36 --> Session: Class initialized using 'CodeIgniter\Session\Handlers\FileHandler' driver.
INFO - 2025-01-05 16:39:37 --> Session: Class initialized using 'CodeIgniter\Session\Handlers\FileHandler' driver.
INFO - 2025-01-05 16:39:41 --> Session: Class initialized using 'CodeIgniter\Session\Handlers\FileHandler' driver.
INFO - 2025-01-05 16:41:17 --> Session: Class initialized using 'CodeIgniter\Session\Handlers\FileHandler' driver.
CRITICAL - 2025-01-05 16:41:17 --> TypeError: CodeIgniter\HTTP\SiteURI::stringifyRelativePath(): Return value must be of type string, bool returned
[Method: GET, Route: supervisor/openUser/2]
in SYSTEMPATH\HTTP\SiteURI.php on line 407.
 1 SYSTEMPATH\HTTP\SiteURI.php(381): CodeIgniter\HTTP\SiteURI->stringifyRelativePath(false)
 2 SYSTEMPATH\Helpers\url_helper.php(59): CodeIgniter\HTTP\SiteURI->baseUrl(false, null)
 3 APPPATH\Views\pages\user_detail.php(150): base_url(false)
 4 SYSTEMPATH\View\View.php(234): include('D:\\xampp\\htdocs\\manajemen-karyawan\\app\\Views\\pages\\user_detail.php')
 5 SYSTEMPATH\View\View.php(237): CodeIgniter\View\View->CodeIgniter\View\{closure}()
 6 SYSTEMPATH\Common.php(1171): CodeIgniter\View\View->render('pages/user_detail', [], true)
 7 APPPATH\Controllers\Supervisor.php(64): view('pages/user_detail', [...])
 8 SYSTEMPATH\CodeIgniter.php(933): App\Controllers\Supervisor->openUser('2')
 9 SYSTEMPATH\CodeIgniter.php(509): CodeIgniter\CodeIgniter->runController(Object(App\Controllers\Supervisor))
10 SYSTEMPATH\CodeIgniter.php(355): CodeIgniter\CodeIgniter->handleRequest(null, Object(Config\Cache), false)
11 SYSTEMPATH\Boot.php(325): CodeIgniter\CodeIgniter->run()
12 SYSTEMPATH\Boot.php(67): CodeIgniter\Boot::runCodeIgniter(Object(CodeIgniter\CodeIgniter))
13 FCPATH\index.php(56): CodeIgniter\Boot::bootWeb(Object(Config\Paths))
INFO - 2025-01-05 16:42:07 --> Session: Class initialized using 'CodeIgniter\Session\Handlers\FileHandler' driver.
INFO - 2025-01-05 16:42:53 --> Session: Class initialized using 'CodeIgniter\Session\Handlers\FileHandler' driver.
INFO - 2025-01-05 16:42:59 --> Session: Class initialized using 'CodeIgniter\Session\Handlers\FileHandler' driver.
INFO - 2025-01-05 16:44:09 --> Session: Class initialized using 'CodeIgniter\Session\Handlers\FileHandler' driver.
INFO - 2025-01-05 16:44:12 --> Session: Class initialized using 'CodeIgniter\Session\Handlers\FileHandler' driver.
INFO - 2025-01-05 16:44:50 --> Session: Class initialized using 'CodeIgniter\Session\Handlers\FileHandler' driver.
INFO - 2025-01-05 16:44:59 --> Session: Class initialized using 'CodeIgniter\Session\Handlers\FileHandler' driver.
INFO - 2025-01-05 16:45:02 --> Session: Class initialized using 'CodeIgniter\Session\Handlers\FileHandler' driver.
INFO - 2025-01-05 16:45:33 --> Session: Class initialized using 'CodeIgniter\Session\Handlers\FileHandler' driver.
INFO - 2025-01-05 16:45:41 --> Session: Class initialized using 'CodeIgniter\Session\Handlers\FileHandler' driver.
INFO - 2025-01-05 16:45:41 --> Session: Class initialized using 'CodeIgniter\Session\Handlers\FileHandler' driver.
INFO - 2025-01-05 16:45:46 --> Session: Class initialized using 'CodeIgniter\Session\Handlers\FileHandler' driver.
INFO - 2025-01-05 16:46:22 --> Session: Class initialized using 'CodeIgniter\Session\Handlers\FileHandler' driver.
INFO - 2025-01-05 16:46:31 --> Session: Class initialized using 'CodeIgniter\Session\Handlers\FileHandler' driver.
INFO - 2025-01-05 16:46:32 --> Session: Class initialized using 'CodeIgniter\Session\Handlers\FileHandler' driver.
INFO - 2025-01-05 16:46:53 --> Session: Class initialized using 'CodeIgniter\Session\Handlers\FileHandler' driver.
INFO - 2025-01-05 16:46:57 --> Session: Class initialized using 'CodeIgniter\Session\Handlers\FileHandler' driver.
INFO - 2025-01-05 16:47:02 --> Session: Class initialized using 'CodeIgniter\Session\Handlers\FileHandler' driver.
INFO - 2025-01-05 16:47:02 --> Session: Class initialized using 'CodeIgniter\Session\Handlers\FileHandler' driver.
INFO - 2025-01-05 16:47:58 --> Session: Class initialized using 'CodeIgniter\Session\Handlers\FileHandler' driver.
INFO - 2025-01-05 16:47:58 --> Session: Class initialized using 'CodeIgniter\Session\Handlers\FileHandler' driver.
INFO - 2025-01-05 16:48:03 --> Session: Class initialized using 'CodeIgniter\Session\Handlers\FileHandler' driver.
INFO - 2025-01-05 16:48:03 --> Session: Class initialized using 'CodeIgniter\Session\Handlers\FileHandler' driver.
INFO - 2025-01-05 16:48:05 --> Session: Class initialized using 'CodeIgniter\Session\Handlers\FileHandler' driver.
INFO - 2025-01-05 16:48:07 --> Session: Class initialized using 'CodeIgniter\Session\Handlers\FileHandler' driver.
INFO - 2025-01-05 16:48:11 --> Session: Class initialized using 'CodeIgniter\Session\Handlers\FileHandler' driver.
INFO - 2025-01-05 16:48:18 --> Session: Class initialized using 'CodeIgniter\Session\Handlers\FileHandler' driver.
INFO - 2025-01-05 16:48:19 --> Session: Class initialized using 'CodeIgniter\Session\Handlers\FileHandler' driver.
INFO - 2025-01-05 16:48:26 --> Session: Class initialized using 'CodeIgniter\Session\Handlers\FileHandler' driver.
INFO - 2025-01-05 16:48:26 --> Session: Class initialized using 'CodeIgniter\Session\Handlers\FileHandler' driver.
INFO - 2025-01-05 16:48:27 --> Session: Class initialized using 'CodeIgniter\Session\Handlers\FileHandler' driver.
INFO - 2025-01-05 16:48:30 --> Session: Class initialized using 'CodeIgniter\Session\Handlers\FileHandler' driver.
INFO - 2025-01-05 16:48:31 --> Session: Class initialized using 'CodeIgniter\Session\Handlers\FileHandler' driver.
